### 26.06.2021 15:23:08
Array
(
    [name] => Админ
)



### 26.06.2021 15:23:39
Array
(
    [name] => Админ
)



### 26.06.2021 15:31:15
Array
(
    [name] => Админ
)



### 26.06.2021 16:07:25
Array
(
    [name] => Админ
)



### 26.06.2021 16:14:18
Array
(
    [name] => Админ
)



### 26.06.2021 16:15:48
Array
(
    [name] => Dmitrij ))
)



### 26.06.2021 16:17:32
Array
(
    [name] => Dmitrij ))
)



### 26.06.2021 16:18:49
Array
(
    [name] => Dmitrij ))
)



### 26.06.2021 16:18:50
Array
(
    [name] => Dmitrij ))
)



### 26.06.2021 16:18:51
Array
(
    [name] => Dmitrij ))
)



### 26.06.2021 16:21:37
Array
(
    [name] => Dmitrij ))
)



### 26.06.2021 16:25:27
Array
(
    [name] => Dmitrij ))
)



### 26.06.2021 16:43:09
Array
(
    [name] => Dmitrij ))
)



### 26.06.2021 16:43:14
Array
(
    [name] => Dmitrij ))
)



### 26.06.2021 16:44:13
Array
(
    [name] => Dmitrij ))
)



### 26.06.2021 16:44:20
Array
(
    [name] => Dmitrij ))
)



### 26.06.2021 16:44:28
Array
(
    [name] => Dmitrij ))
)



### 26.06.2021 16:45:27
Array
(
    [name] => Dmitrij ))
)



### 26.06.2021 16:45:28
Array
(
    [name] => Dmitrij ))
)



### 26.06.2021 16:49:12
Array
(
    [name] => Dmitrij ))
)



### 26.06.2021 16:49:13
Array
(
    [name] => Dmitrij ))
)



### 26.06.2021 16:49:13
Array
(
    [name] => Dmitrij ))
)



### 26.06.2021 16:53:34
Array
(
    [name] => Dmitrij ))
)



### 26.06.2021 16:58:55
Array
(
    [name] => Dmitrij ))
)



### 26.06.2021 16:59:41
Array
(
    [name] => Dmitrij ))
)



### 26.06.2021 17:02:58
Array
(
    [name] => Dmitrij ))
)



### 26.06.2021 17:02:59
Array
(
    [name] => Dmitrij ))
)



### 26.06.2021 17:02:59
Array
(
    [name] => Dmitrij ))
)



### 26.06.2021 17:03:00
Array
(
    [name] => Dmitrij ))
)



### 26.06.2021 17:03:01
Array
(
    [name] => Dmitrij ))
)



### 26.06.2021 17:03:44
Array
(
    [name] => Dmitrij ))
)



### 26.06.2021 17:03:45
Array
(
    [name] => Dmitrij ))
)



### 26.06.2021 17:03:52
Array
(
    [name] => Dmitrij ))
)



### 27.06.2021 02:01:52
Array
(
    [name] => Dmitrij ))
)



### 27.06.2021 02:10:03
Array
(
    [name] => Dmitrij ))
)



### 27.06.2021 02:10:04
Array
(
    [name] => Dmitrij ))
)



### 27.06.2021 02:11:50
Array
(
    [name] => Dmitrij ))
)



### 27.06.2021 02:11:51
Array
(
    [name] => Dmitrij ))
)



### 27.06.2021 02:15:49
Array
(
    [name] => Dmitrij ))
)



### 27.06.2021 02:15:50
Array
(
    [name] => Dmitrij ))
)



### 27.06.2021 02:15:51
Array
(
    [name] => Dmitrij ))
)



### 27.06.2021 03:27:21
Array
(
    [name] => Dmitrij ))
)



### 27.06.2021 03:28:11
Array
(
    [name] => Dmitrij ))
)



### 27.06.2021 03:42:35
Array
(
    [name] => Админ
)



### 27.06.2021 03:46:19
Array
(
    [name] => Админ
)



### 27.06.2021 03:47:49
Array
(
    [name] => Админ
)



### 27.06.2021 03:47:50
Array
(
    [name] => Админ
)



### 27.06.2021 03:48:38
Array
(
    [name] => Админ
)



### 27.06.2021 03:49:42
Array
(
    [name] => Dmitrij ))
)



### 27.06.2021 03:53:11
Array
(
    [name] => Dmitrij ))
)



### 27.06.2021 03:55:47
Array
(
    [name] => Dmitrij ))
)



### 27.06.2021 03:56:08
Array
(
    [name] => Dmitrij ))
)



### 27.06.2021 03:57:46
Array
(
    [name] => Dmitrij ))
)



### 27.06.2021 03:58:22
Array
(
    [name] => Dmitrij ))
)



### 27.06.2021 03:59:00
Array
(
    [name] => Dmitrij ))
)



### 27.06.2021 03:59:02
Array
(
    [name] => Dmitrij ))
)



### 27.06.2021 04:00:47
Array
(
    [name] => Dmitrij ))
)



### 27.06.2021 04:03:06
Array
(
    [name] => Dmitrij ))
)



### 27.06.2021 04:04:10
Array
(
    [name] => Dmitrij ))
)



### 27.06.2021 04:04:11
Array
(
    [name] => Dmitrij ))
)



### 27.06.2021 04:04:11
Array
(
    [name] => Dmitrij ))
)



### 27.06.2021 04:04:12
Array
(
    [name] => Dmitrij ))
)



### 27.06.2021 04:04:46
Array
(
    [name] => Dmitrij ))
)



### 27.06.2021 04:04:46
Array
(
    [name] => Dmitrij ))
)



### 27.06.2021 04:05:01
Array
(
    [name] => Dmitrij ))
)



### 27.06.2021 04:05:02
Array
(
    [name] => Dmitrij ))
)



### 27.06.2021 04:05:02
Array
(
    [name] => Dmitrij ))
)



### 27.06.2021 04:05:03
Array
(
    [name] => Dmitrij ))
)



### 27.06.2021 04:05:03
Array
(
    [name] => Dmitrij ))
)



### 27.06.2021 04:05:03
Array
(
    [name] => Dmitrij ))
)



### 27.06.2021 04:05:03
Array
(
    [name] => Dmitrij ))
)



### 27.06.2021 04:05:33
Array
(
    [name] => Dmitrij ))
)



### 27.06.2021 04:05:57
Array
(
    [name] => Dmitrij ))
)



### 27.06.2021 04:08:57
Array
(
    [name] => Dmitrij ))
)



### 27.06.2021 04:09:06
Array
(
    [name] => Dmitrij ))
)



### 27.06.2021 04:09:08
Array
(
    [name] => Dmitrij ))
)



### 27.06.2021 04:10:57
Array
(
    [name] => Dmitrij ))
)



### 27.06.2021 04:13:19
Array
(
    [name] => Dmitrij ))
)



### 27.06.2021 04:13:20
Array
(
    [name] => Dmitrij ))
)



### 27.06.2021 04:13:29
Array
(
    [name] => Dmitrij ))
)



### 27.06.2021 04:13:31
Array
(
    [name] => Dmitrij ))
)



### 27.06.2021 04:22:39
Array
(
    [name] => Dmitrij ))
)



### 27.06.2021 04:22:40
Array
(
    [name] => Dmitrij ))
)



### 27.06.2021 04:23:37
Array
(
    [name] => Dmitrij ))
)



### 27.06.2021 04:24:34
Array
(
    [name] => Dmitrij ))
)



### 27.06.2021 04:24:35
Array
(
    [name] => Dmitrij ))
)



### 27.06.2021 04:24:35
Array
(
    [name] => Dmitrij ))
)



### 27.06.2021 04:27:06
Array
(
    [name] => Dmitrij ))
)



### 27.06.2021 04:29:11
Array
(
    [name] => Dmitrij ))
)



### 27.06.2021 04:30:09
Array
(
    [name] => Dmitrij ))
)



### 27.06.2021 04:30:28
Array
(
    [name] => Dmitrij ))
)



### 27.06.2021 04:30:29
Array
(
    [name] => Dmitrij ))
)



### 27.06.2021 04:32:13
Array
(
    [name] => Dmitrij ))
)



### 27.06.2021 04:34:05
Array
(
    [name] => Dmitrij ))
)



### 27.06.2021 04:34:34
Array
(
    [name] => Dmitrij ))
)



### 27.06.2021 04:34:49
Array
(
    [name] => Dmitrij ))
)



### 27.06.2021 04:35:11
Array
(
    [name] => Dmitrij ))
)



### 27.06.2021 04:36:23
Array
(
    [name] => Dmitrij ))
)



### 27.06.2021 04:36:37
Array
(
    [name] => Dmitrij ))
)



### 27.06.2021 04:37:04
Array
(
    [name] => Dmitrij ))
)



### 27.06.2021 04:37:05
Array
(
    [name] => Dmitrij ))
)



### 27.06.2021 04:39:53
Array
(
    [name] => Dmitrij ))
)



### 27.06.2021 04:40:12
Array
(
    [name] => Dmitrij ))
)



### 27.06.2021 04:43:39
Array
(
    [name] => Dmitrij ))
)



### 27.06.2021 04:43:40
Array
(
    [name] => Dmitrij ))
)



### 27.06.2021 04:44:49
Array
(
    [name] => Dmitrij ))
)



### 27.06.2021 04:46:29
Array
(
    [name] => Dmitrij ))
)



### 27.06.2021 04:46:54
Array
(
    [name] => Dmitrij ))
)



### 27.06.2021 04:46:55
Array
(
    [name] => Dmitrij ))
)



### 27.06.2021 04:47:15
Array
(
    [name] => Dmitrij ))
)



### 27.06.2021 04:47:23
Array
(
    [name] => Dmitrij ))
)



### 27.06.2021 04:48:55
Array
(
    [name] => Dmitrij ))
)



### 27.06.2021 04:49:07
Array
(
    [name] => Dmitrij ))
)



### 27.06.2021 04:50:44
Array
(
    [name] => Dmitrij ))
)



### 27.06.2021 04:50:48
Array
(
    [name] => Dmitrij ))
)



### 27.06.2021 04:50:49
Array
(
    [name] => Dmitrij ))
)



### 27.06.2021 04:51:13
Array
(
    [name] => Dmitrij ))
)



### 27.06.2021 04:51:13
Array
(
    [name] => Dmitrij ))
)



### 27.06.2021 04:51:14
Array
(
    [name] => Dmitrij ))
)



### 27.06.2021 04:51:31
Array
(
    [name] => Dmitrij ))
)



### 27.06.2021 04:55:57
Array
(
    [name] => Dmitrij ))
)



### 27.06.2021 04:58:11
Array
(
    [name] => Dmitrij ))
)



### 27.06.2021 04:58:11
Array
(
    [name] => Dmitrij ))
)



### 27.06.2021 04:58:18
Array
(
    [name] => Dmitrij ))
)



### 27.06.2021 04:58:27
Array
(
    [name] => Dmitrij ))
)



### 27.06.2021 04:59:43
Array
(
    [name] => Dmitrij ))
)



### 27.06.2021 04:59:44
Array
(
    [name] => Dmitrij ))
)



### 27.06.2021 05:02:12
Array
(
    [name] => Dmitrij ))
)



### 27.06.2021 05:02:18
Array
(
    [name] => Dmitrij ))
)



### 27.06.2021 05:03:31
Array
(
    [name] => Dmitrij ))
)



### 27.06.2021 05:03:32
Array
(
    [name] => Dmitrij ))
)



### 27.06.2021 05:03:32
Array
(
    [name] => Dmitrij ))
    [gallery_img] => Array
        (
            [0] => 01.jpg
            [1] => 02.jpg
            [2] => 03.jpg
            [3] => 04.jpg
            [4] => 05.jpg
            [5] => 06.jpg
            [6] => 07.jpg
            [7] => 08.jpg
            [8] => 09.jpg
            [9] => 11.jpg
            [10] => 12.jpg
            [11] => 13.jpg
            [12] => 14.jpg
            [13] => 15.jpg
            [14] => 16.jpg
            [15] => 17.jpg
            [16] => 18.jpg
        )

)



### 27.06.2021 05:05:05
Array
(
    [name] => Dmitrij ))
    [gallery_img] => Array
        (
            [0] => 01.jpg
            [1] => 02.jpg
            [2] => 03.jpg
            [3] => 04.jpg
            [4] => 05.jpg
            [5] => 06.jpg
            [6] => 07.jpg
            [7] => 08.jpg
            [8] => 09.jpg
            [9] => 11.jpg
            [10] => 12.jpg
            [11] => 13.jpg
            [12] => 14.jpg
            [13] => 15.jpg
            [14] => 16.jpg
            [15] => 17.jpg
            [16] => 18.jpg
        )

)



### 27.06.2021 05:07:39
Array
(
    [name] => Dmitrij ))
    [gallery_img] => Array
        (
            [0] => 01.jpg
            [1] => 02.jpg
            [2] => 03.jpg
            [3] => 04.jpg
            [4] => 05.jpg
            [5] => 06.jpg
            [6] => 07.jpg
            [7] => 08.jpg
            [8] => 09.jpg
            [9] => 11.jpg
            [10] => 12.jpg
            [11] => 13.jpg
            [12] => 14.jpg
            [13] => 15.jpg
            [14] => 16.jpg
            [15] => 17.jpg
            [16] => 18.jpg
        )

)



### 27.06.2021 05:07:40
Array
(
    [name] => Dmitrij ))
    [gallery_img] => Array
        (
            [0] => 01.jpg
            [1] => 02.jpg
            [2] => 03.jpg
            [3] => 04.jpg
            [4] => 05.jpg
            [5] => 06.jpg
            [6] => 07.jpg
            [7] => 08.jpg
            [8] => 09.jpg
            [9] => 11.jpg
            [10] => 12.jpg
            [11] => 13.jpg
            [12] => 14.jpg
            [13] => 15.jpg
            [14] => 16.jpg
            [15] => 17.jpg
            [16] => 18.jpg
        )

)



### 27.06.2021 05:07:53
Array
(
    [name] => Dmitrij ))
    [gallery_img] => Array
        (
            [0] => 01.jpg
            [1] => 02.jpg
            [2] => 03.jpg
            [3] => 04.jpg
            [4] => 05.jpg
            [5] => 06.jpg
            [6] => 07.jpg
            [7] => 08.jpg
            [8] => 09.jpg
            [9] => 11.jpg
            [10] => 12.jpg
            [11] => 13.jpg
            [12] => 14.jpg
            [13] => 15.jpg
            [14] => 16.jpg
            [15] => 17.jpg
            [16] => 18.jpg
        )

)



### 27.06.2021 05:08:03
Array
(
    [name] => Dmitrij ))
    [gallery_img] => Array
        (
            [0] => 01.jpg
            [1] => 02.jpg
            [2] => 03.jpg
            [3] => 04.jpg
            [4] => 05.jpg
            [5] => 06.jpg
            [6] => 07.jpg
            [7] => 08.jpg
            [8] => 09.jpg
            [9] => 11.jpg
            [10] => 12.jpg
            [11] => 13.jpg
            [12] => 14.jpg
            [13] => 15.jpg
            [14] => 16.jpg
            [15] => 17.jpg
            [16] => 18.jpg
        )

)



### 27.06.2021 05:08:37
Array
(
    [name] => Dmitrij ))
    [gallery_img] => Array
        (
            [0] => 01.jpg
            [1] => 02.jpg
            [2] => 03.jpg
            [3] => 04.jpg
            [4] => 05.jpg
            [5] => 06.jpg
            [6] => 07.jpg
            [7] => 08.jpg
            [8] => 09.jpg
            [9] => 11.jpg
            [10] => 12.jpg
            [11] => 13.jpg
            [12] => 14.jpg
            [13] => 15.jpg
            [14] => 16.jpg
            [15] => 17.jpg
            [16] => 18.jpg
        )

)



### 27.06.2021 05:08:52
Array
(
    [name] => Dmitrij ))
    [gallery_img] => Array
        (
            [0] => 01.jpg
            [1] => 02.jpg
            [2] => 03.jpg
            [3] => 04.jpg
            [4] => 05.jpg
            [5] => 06.jpg
            [6] => 07.jpg
            [7] => 08.jpg
            [8] => 09.jpg
            [9] => 11.jpg
            [10] => 12.jpg
            [11] => 13.jpg
            [12] => 14.jpg
            [13] => 15.jpg
            [14] => 16.jpg
            [15] => 17.jpg
            [16] => 18.jpg
        )

)



### 27.06.2021 05:09:17
Array
(
    [name] => Dmitrij ))
    [gallery_img] => Array
        (
            [0] => 01.jpg
            [1] => 02.jpg
            [2] => 03.jpg
            [3] => 04.jpg
            [4] => 05.jpg
            [5] => 06.jpg
            [6] => 07.jpg
            [7] => 08.jpg
            [8] => 09.jpg
            [9] => 11.jpg
            [10] => 12.jpg
            [11] => 13.jpg
            [12] => 14.jpg
            [13] => 15.jpg
            [14] => 16.jpg
            [15] => 17.jpg
            [16] => 18.jpg
        )

)



### 27.06.2021 05:09:45
Array
(
    [name] => Dmitrij ))
    [gallery_img] => Array
        (
            [0] => 01.jpg
            [1] => 02.jpg
            [2] => 03.jpg
            [3] => 04.jpg
            [4] => 05.jpg
            [5] => 06.jpg
            [6] => 07.jpg
            [7] => 08.jpg
            [8] => 09.jpg
            [9] => 11.jpg
            [10] => 12.jpg
            [11] => 13.jpg
            [12] => 14.jpg
            [13] => 15.jpg
            [14] => 16.jpg
            [15] => 17.jpg
            [16] => 18.jpg
        )

)



### 27.06.2021 05:09:47
Array
(
    [name] => Dmitrij ))
    [gallery_img] => Array
        (
            [0] => 01.jpg
            [1] => 02.jpg
            [2] => 03.jpg
            [3] => 04.jpg
            [4] => 05.jpg
            [5] => 06.jpg
            [6] => 07.jpg
            [7] => 08.jpg
            [8] => 09.jpg
            [9] => 11.jpg
            [10] => 12.jpg
            [11] => 13.jpg
            [12] => 14.jpg
            [13] => 15.jpg
            [14] => 16.jpg
            [15] => 17.jpg
            [16] => 18.jpg
        )

)



### 27.06.2021 05:09:55
Array
(
    [name] => Dmitrij ))
    [gallery_img] => Array
        (
            [0] => 01.jpg
            [1] => 02.jpg
            [2] => 03.jpg
            [3] => 04.jpg
            [4] => 05.jpg
            [5] => 06.jpg
            [6] => 07.jpg
            [7] => 08.jpg
            [8] => 09.jpg
            [9] => 11.jpg
            [10] => 12.jpg
            [11] => 13.jpg
            [12] => 14.jpg
            [13] => 15.jpg
            [14] => 16.jpg
            [15] => 17.jpg
            [16] => 18.jpg
        )

)



### 27.06.2021 05:10:21
Array
(
    [name] => Dmitrij ))
    [gallery_img] => Array
        (
            [0] => 01.jpg
            [1] => 02.jpg
            [2] => 03.jpg
            [3] => 04.jpg
            [4] => 05.jpg
            [5] => 06.jpg
            [6] => 07.jpg
            [7] => 08.jpg
            [8] => 09.jpg
            [9] => 11.jpg
            [10] => 12.jpg
            [11] => 13.jpg
            [12] => 14.jpg
            [13] => 15.jpg
            [14] => 16.jpg
            [15] => 17.jpg
            [16] => 18.jpg
        )

)



### 27.06.2021 05:10:27
Array
(
    [name] => Dmitrij ))
)



### 27.06.2021 05:12:14
Array
(
    [name] => Dmitrij ))
    [gallery_img] => Array
        (
            [0] => 01.jpg
            [1] => 02.jpg
            [2] => 03.jpg
            [3] => 04.jpg
            [4] => 05.jpg
            [5] => 06.jpg
            [6] => 07.jpg
            [7] => 08.jpg
            [8] => 09.jpg
            [9] => 11.jpg
            [10] => 12.jpg
            [11] => 13.jpg
            [12] => 14.jpg
            [13] => 15.jpg
            [14] => 16.jpg
            [15] => 17.jpg
            [16] => 18.jpg
        )

)



### 27.06.2021 05:12:21
Array
(
    [name] => Dmitrij ))
)



### 27.06.2021 05:12:22
Array
(
    [name] => Dmitrij ))
    [gallery_img] => Array
        (
            [0] => 01.jpg
            [1] => 02.jpg
            [2] => 03.jpg
            [3] => 04.jpg
            [4] => 05.jpg
            [5] => 06.jpg
            [6] => 07.jpg
            [7] => 08.jpg
            [8] => 09.jpg
            [9] => 11.jpg
            [10] => 12.jpg
            [11] => 13.jpg
            [12] => 14.jpg
            [13] => 15.jpg
            [14] => 16.jpg
            [15] => 17.jpg
            [16] => 18.jpg
        )

)



### 27.06.2021 05:16:50
Array
(
    [name] => Dmitrij ))
    [gallery_img] => Array
        (
            [0] => 01.jpg
            [1] => 02.jpg
            [2] => 03.jpg
            [3] => 04.jpg
            [4] => 05.jpg
            [5] => 06.jpg
            [6] => 07.jpg
            [7] => 08.jpg
            [8] => 09.jpg
            [9] => 11.jpg
            [10] => 12.jpg
            [11] => 13.jpg
            [12] => 14.jpg
            [13] => 15.jpg
            [14] => 16.jpg
            [15] => 17.jpg
            [16] => 18.jpg
        )

)



### 27.06.2021 05:16:51
Array
(
    [name] => Dmitrij ))
    [gallery_img] => Array
        (
            [0] => 01.jpg
            [1] => 02.jpg
            [2] => 03.jpg
            [3] => 04.jpg
            [4] => 05.jpg
            [5] => 06.jpg
            [6] => 07.jpg
            [7] => 08.jpg
            [8] => 09.jpg
            [9] => 11.jpg
            [10] => 12.jpg
            [11] => 13.jpg
            [12] => 14.jpg
            [13] => 15.jpg
            [14] => 16.jpg
            [15] => 17.jpg
            [16] => 18.jpg
        )

)



### 27.06.2021 05:16:53
Array
(
    [name] => Dmitrij ))
    [gallery_img] => Array
        (
            [0] => 01.jpg
            [1] => 02.jpg
            [2] => 03.jpg
            [3] => 04.jpg
            [4] => 05.jpg
            [5] => 06.jpg
            [6] => 07.jpg
            [7] => 08.jpg
            [8] => 09.jpg
            [9] => 11.jpg
            [10] => 12.jpg
            [11] => 13.jpg
            [12] => 14.jpg
            [13] => 15.jpg
            [14] => 16.jpg
            [15] => 17.jpg
            [16] => 18.jpg
        )

)



### 27.06.2021 05:17:30
Array
(
    [name] => Dmitrij ))
    [gallery_img] => Array
        (
            [0] => 01.jpg
            [1] => 02.jpg
            [2] => 03.jpg
            [3] => 04.jpg
            [4] => 05.jpg
            [5] => 06.jpg
            [6] => 07.jpg
            [7] => 08.jpg
            [8] => 09.jpg
            [9] => 11.jpg
            [10] => 12.jpg
            [11] => 13.jpg
            [12] => 14.jpg
            [13] => 15.jpg
            [14] => 16.jpg
            [15] => 17.jpg
            [16] => 18.jpg
        )

)



### 27.06.2021 05:17:31
Array
(
    [name] => Dmitrij ))
    [gallery_img] => Array
        (
            [0] => 01.jpg
            [1] => 02.jpg
            [2] => 03.jpg
            [3] => 04.jpg
            [4] => 05.jpg
            [5] => 06.jpg
            [6] => 07.jpg
            [7] => 08.jpg
            [8] => 09.jpg
            [9] => 11.jpg
            [10] => 12.jpg
            [11] => 13.jpg
            [12] => 14.jpg
            [13] => 15.jpg
            [14] => 16.jpg
            [15] => 17.jpg
            [16] => 18.jpg
        )

)



### 27.06.2021 05:18:53
Array
(
    [name] => Dmitrij ))
    [gallery_img] => Array
        (
            [0] => 01.jpg
            [1] => 02.jpg
            [2] => 03.jpg
            [3] => 04.jpg
            [4] => 05.jpg
            [5] => 06.jpg
            [6] => 07.jpg
            [7] => 08.jpg
            [8] => 09.jpg
            [9] => 11.jpg
            [10] => 12.jpg
            [11] => 13.jpg
            [12] => 14.jpg
            [13] => 15.jpg
            [14] => 16.jpg
            [15] => 17.jpg
            [16] => 18.jpg
        )

)



### 27.06.2021 05:21:03
Array
(
    [name] => Dmitrij ))
    [gallery_img] => Array
        (
            [0] => 01.jpg
            [1] => 02.jpg
            [2] => 03.jpg
            [3] => 04.jpg
            [4] => 05.jpg
            [5] => 06.jpg
            [6] => 07.jpg
            [7] => 08.jpg
            [8] => 09.jpg
            [9] => 11.jpg
            [10] => 12.jpg
            [11] => 13.jpg
            [12] => 14.jpg
            [13] => 15.jpg
            [14] => 16.jpg
            [15] => 17.jpg
            [16] => 18.jpg
        )

)



### 27.06.2021 05:21:04
Array
(
    [name] => Dmitrij ))
    [gallery_img] => Array
        (
            [0] => 01.jpg
            [1] => 02.jpg
            [2] => 03.jpg
            [3] => 04.jpg
            [4] => 05.jpg
            [5] => 06.jpg
            [6] => 07.jpg
            [7] => 08.jpg
            [8] => 09.jpg
            [9] => 11.jpg
            [10] => 12.jpg
            [11] => 13.jpg
            [12] => 14.jpg
            [13] => 15.jpg
            [14] => 16.jpg
            [15] => 17.jpg
            [16] => 18.jpg
        )

)



### 27.06.2021 05:21:06
Array
(
    [name] => Dmitrij ))
    [gallery_img] => Array
        (
            [0] => 01.jpg
            [1] => 02.jpg
            [2] => 03.jpg
            [3] => 04.jpg
            [4] => 05.jpg
            [5] => 06.jpg
            [6] => 07.jpg
            [7] => 08.jpg
            [8] => 09.jpg
            [9] => 11.jpg
            [10] => 12.jpg
            [11] => 13.jpg
            [12] => 14.jpg
            [13] => 15.jpg
            [14] => 16.jpg
            [15] => 17.jpg
            [16] => 18.jpg
        )

)



### 27.06.2021 05:21:07
Array
(
    [name] => Dmitrij ))
    [gallery_img] => Array
        (
            [0] => 01.jpg
            [1] => 02.jpg
            [2] => 03.jpg
            [3] => 04.jpg
            [4] => 05.jpg
            [5] => 06.jpg
            [6] => 07.jpg
            [7] => 08.jpg
            [8] => 09.jpg
            [9] => 11.jpg
            [10] => 12.jpg
            [11] => 13.jpg
            [12] => 14.jpg
            [13] => 15.jpg
            [14] => 16.jpg
            [15] => 17.jpg
            [16] => 18.jpg
        )

)



### 27.06.2021 05:23:08
Array
(
    [name] => Dmitrij ))
    [gallery_img] => Array
        (
            [0] => 01.jpg
            [1] => 02.jpg
            [2] => 03.jpg
            [3] => 04.jpg
            [4] => 05.jpg
            [5] => 06.jpg
            [6] => 07.jpg
            [7] => 08.jpg
            [8] => 09.jpg
            [9] => 11.jpg
            [10] => 12.jpg
            [11] => 13.jpg
            [12] => 14.jpg
            [13] => 15.jpg
            [14] => 16.jpg
            [15] => 17.jpg
            [16] => 18.jpg
        )

)



### 27.06.2021 05:23:09
Array
(
    [name] => Dmitrij ))
    [gallery_img] => Array
        (
            [0] => 01.jpg
            [1] => 02.jpg
            [2] => 03.jpg
            [3] => 04.jpg
            [4] => 05.jpg
            [5] => 06.jpg
            [6] => 07.jpg
            [7] => 08.jpg
            [8] => 09.jpg
            [9] => 11.jpg
            [10] => 12.jpg
            [11] => 13.jpg
            [12] => 14.jpg
            [13] => 15.jpg
            [14] => 16.jpg
            [15] => 17.jpg
            [16] => 18.jpg
        )

)



### 27.06.2021 05:23:10
Array
(
    [name] => Dmitrij ))
    [gallery_img] => Array
        (
            [0] => 01.jpg
            [1] => 02.jpg
            [2] => 03.jpg
            [3] => 04.jpg
            [4] => 05.jpg
            [5] => 06.jpg
            [6] => 07.jpg
            [7] => 08.jpg
            [8] => 09.jpg
            [9] => 11.jpg
            [10] => 12.jpg
            [11] => 13.jpg
            [12] => 14.jpg
            [13] => 15.jpg
            [14] => 16.jpg
            [15] => 17.jpg
            [16] => 18.jpg
        )

)



### 27.06.2021 05:23:10
Array
(
    [name] => Dmitrij ))
    [gallery_img] => Array
        (
            [0] => 01.jpg
            [1] => 02.jpg
            [2] => 03.jpg
            [3] => 04.jpg
            [4] => 05.jpg
            [5] => 06.jpg
            [6] => 07.jpg
            [7] => 08.jpg
            [8] => 09.jpg
            [9] => 11.jpg
            [10] => 12.jpg
            [11] => 13.jpg
            [12] => 14.jpg
            [13] => 15.jpg
            [14] => 16.jpg
            [15] => 17.jpg
            [16] => 18.jpg
        )

)



### 27.06.2021 05:23:11
Array
(
    [name] => Dmitrij ))
    [gallery_img] => Array
        (
            [0] => 01.jpg
            [1] => 02.jpg
            [2] => 03.jpg
            [3] => 04.jpg
            [4] => 05.jpg
            [5] => 06.jpg
            [6] => 07.jpg
            [7] => 08.jpg
            [8] => 09.jpg
            [9] => 11.jpg
            [10] => 12.jpg
            [11] => 13.jpg
            [12] => 14.jpg
            [13] => 15.jpg
            [14] => 16.jpg
            [15] => 17.jpg
            [16] => 18.jpg
        )

)



### 27.06.2021 05:23:11
Array
(
    [name] => Dmitrij ))
    [gallery_img] => Array
        (
            [0] => 01.jpg
            [1] => 02.jpg
            [2] => 03.jpg
            [3] => 04.jpg
            [4] => 05.jpg
            [5] => 06.jpg
            [6] => 07.jpg
            [7] => 08.jpg
            [8] => 09.jpg
            [9] => 11.jpg
            [10] => 12.jpg
            [11] => 13.jpg
            [12] => 14.jpg
            [13] => 15.jpg
            [14] => 16.jpg
            [15] => 17.jpg
            [16] => 18.jpg
        )

)



### 27.06.2021 05:23:11
Array
(
    [name] => Dmitrij ))
    [gallery_img] => Array
        (
            [0] => 01.jpg
            [1] => 02.jpg
            [2] => 03.jpg
            [3] => 04.jpg
            [4] => 05.jpg
            [5] => 06.jpg
            [6] => 07.jpg
            [7] => 08.jpg
            [8] => 09.jpg
            [9] => 11.jpg
            [10] => 12.jpg
            [11] => 13.jpg
            [12] => 14.jpg
            [13] => 15.jpg
            [14] => 16.jpg
            [15] => 17.jpg
            [16] => 18.jpg
        )

)



### 27.06.2021 05:23:11
Array
(
    [name] => Dmitrij ))
    [gallery_img] => Array
        (
            [0] => 01.jpg
            [1] => 02.jpg
            [2] => 03.jpg
            [3] => 04.jpg
            [4] => 05.jpg
            [5] => 06.jpg
            [6] => 07.jpg
            [7] => 08.jpg
            [8] => 09.jpg
            [9] => 11.jpg
            [10] => 12.jpg
            [11] => 13.jpg
            [12] => 14.jpg
            [13] => 15.jpg
            [14] => 16.jpg
            [15] => 17.jpg
            [16] => 18.jpg
        )

)



### 27.06.2021 05:25:01
Array
(
    [name] => Dmitrij ))
    [gallery_img] => Array
        (
            [0] => 01.jpg
            [1] => 02.jpg
            [2] => 03.jpg
            [3] => 04.jpg
            [4] => 05.jpg
            [5] => 06.jpg
            [6] => 07.jpg
            [7] => 08.jpg
            [8] => 09.jpg
            [9] => 11.jpg
            [10] => 12.jpg
            [11] => 13.jpg
            [12] => 14.jpg
            [13] => 15.jpg
            [14] => 16.jpg
            [15] => 17.jpg
            [16] => 18.jpg
        )

)



### 27.06.2021 05:25:02
Array
(
    [name] => Dmitrij ))
    [gallery_img] => Array
        (
            [0] => 01.jpg
            [1] => 02.jpg
            [2] => 03.jpg
            [3] => 04.jpg
            [4] => 05.jpg
            [5] => 06.jpg
            [6] => 07.jpg
            [7] => 08.jpg
            [8] => 09.jpg
            [9] => 11.jpg
            [10] => 12.jpg
            [11] => 13.jpg
            [12] => 14.jpg
            [13] => 15.jpg
            [14] => 16.jpg
            [15] => 17.jpg
            [16] => 18.jpg
        )

)



### 27.06.2021 05:25:03
Array
(
    [name] => Dmitrij ))
    [gallery_img] => Array
        (
            [0] => 01.jpg
            [1] => 02.jpg
            [2] => 03.jpg
            [3] => 04.jpg
            [4] => 05.jpg
            [5] => 06.jpg
            [6] => 07.jpg
            [7] => 08.jpg
            [8] => 09.jpg
            [9] => 11.jpg
            [10] => 12.jpg
            [11] => 13.jpg
            [12] => 14.jpg
            [13] => 15.jpg
            [14] => 16.jpg
            [15] => 17.jpg
            [16] => 18.jpg
        )

)



### 27.06.2021 05:25:03
Array
(
    [name] => Dmitrij ))
    [gallery_img] => Array
        (
            [0] => 01.jpg
            [1] => 02.jpg
            [2] => 03.jpg
            [3] => 04.jpg
            [4] => 05.jpg
            [5] => 06.jpg
            [6] => 07.jpg
            [7] => 08.jpg
            [8] => 09.jpg
            [9] => 11.jpg
            [10] => 12.jpg
            [11] => 13.jpg
            [12] => 14.jpg
            [13] => 15.jpg
            [14] => 16.jpg
            [15] => 17.jpg
            [16] => 18.jpg
        )

)



### 27.06.2021 05:25:03
Array
(
    [name] => Dmitrij ))
    [gallery_img] => Array
        (
            [0] => 01.jpg
            [1] => 02.jpg
            [2] => 03.jpg
            [3] => 04.jpg
            [4] => 05.jpg
            [5] => 06.jpg
            [6] => 07.jpg
            [7] => 08.jpg
            [8] => 09.jpg
            [9] => 11.jpg
            [10] => 12.jpg
            [11] => 13.jpg
            [12] => 14.jpg
            [13] => 15.jpg
            [14] => 16.jpg
            [15] => 17.jpg
            [16] => 18.jpg
        )

)



### 27.06.2021 05:25:32
Array
(
    [name] => Dmitrij ))
)



### 27.06.2021 05:25:34
Array
(
    [name] => Dmitrij ))
    [gallery_img] => Array
        (
            [0] => 01.jpg
            [1] => 02.jpg
            [2] => 03.jpg
            [3] => 04.jpg
            [4] => 05.jpg
            [5] => 06.jpg
            [6] => 07.jpg
            [7] => 08.jpg
            [8] => 09.jpg
            [9] => 11.jpg
            [10] => 12.jpg
            [11] => 13.jpg
            [12] => 14.jpg
            [13] => 15.jpg
            [14] => 16.jpg
            [15] => 17.jpg
            [16] => 18.jpg
        )

)



### 27.06.2021 05:25:47
Array
(
    [name] => Dmitrij ))
)



### 27.06.2021 05:25:48
Array
(
    [name] => Dmitrij ))
)



### 27.06.2021 05:25:49
Array
(
    [name] => Dmitrij ))
    [gallery_img] => Array
        (
            [0] => 01.jpg
            [1] => 02.jpg
            [2] => 03.jpg
            [3] => 04.jpg
            [4] => 05.jpg
            [5] => 06.jpg
            [6] => 07.jpg
            [7] => 08.jpg
            [8] => 09.jpg
            [9] => 11.jpg
            [10] => 12.jpg
            [11] => 13.jpg
            [12] => 14.jpg
            [13] => 15.jpg
            [14] => 16.jpg
            [15] => 17.jpg
            [16] => 18.jpg
        )

)



### 27.06.2021 05:26:15
Array
(
    [name] => Dmitrij ))
)



### 27.06.2021 05:26:16
Array
(
    [name] => Dmitrij ))
)



### 27.06.2021 05:26:17
Array
(
    [name] => Dmitrij ))
    [gallery_img] => Array
        (
            [0] => 01.jpg
            [1] => 02.jpg
            [2] => 03.jpg
            [3] => 04.jpg
            [4] => 05.jpg
            [5] => 06.jpg
            [6] => 07.jpg
            [7] => 08.jpg
            [8] => 09.jpg
            [9] => 11.jpg
            [10] => 12.jpg
            [11] => 13.jpg
            [12] => 14.jpg
            [13] => 15.jpg
            [14] => 16.jpg
            [15] => 17.jpg
            [16] => 18.jpg
        )

)



### 27.06.2021 05:26:41
Array
(
    [name] => Dmitrij ))
    [gallery_img] => Array
        (
            [0] => 01.jpg
            [1] => 02.jpg
            [2] => 03.jpg
            [3] => 04.jpg
            [4] => 05.jpg
            [5] => 06.jpg
            [6] => 07.jpg
            [7] => 08.jpg
            [8] => 09.jpg
            [9] => 11.jpg
            [10] => 12.jpg
            [11] => 13.jpg
            [12] => 14.jpg
            [13] => 15.jpg
            [14] => 16.jpg
            [15] => 17.jpg
            [16] => 18.jpg
        )

)



### 27.06.2021 05:29:56
Array
(
    [name] => Dmitrij ))
)



### 27.06.2021 05:29:57
Array
(
    [name] => Dmitrij ))
)



### 27.06.2021 05:29:58
Array
(
    [name] => Dmitrij ))
    [gallery_img] => Array
        (
            [0] => 01.jpg
            [1] => 02.jpg
            [2] => 03.jpg
            [3] => 04.jpg
            [4] => 05.jpg
            [5] => 06.jpg
            [6] => 07.jpg
            [7] => 08.jpg
            [8] => 09.jpg
            [9] => 11.jpg
            [10] => 12.jpg
            [11] => 13.jpg
            [12] => 14.jpg
            [13] => 15.jpg
            [14] => 16.jpg
            [15] => 17.jpg
            [16] => 18.jpg
        )

)



### 27.06.2021 05:31:07
Array
(
    [name] => Dmitrij ))
    [gallery_img] => Array
        (
            [0] => 01.jpg
            [1] => 02.jpg
            [2] => 03.jpg
            [3] => 04.jpg
            [4] => 05.jpg
            [5] => 06.jpg
            [6] => 07.jpg
            [7] => 08.jpg
            [8] => 09.jpg
            [9] => 11.jpg
            [10] => 12.jpg
            [11] => 13.jpg
            [12] => 14.jpg
            [13] => 15.jpg
            [14] => 16.jpg
            [15] => 17.jpg
            [16] => 18.jpg
        )

)



### 27.06.2021 05:31:08
Array
(
    [name] => Dmitrij ))
    [gallery_img] => Array
        (
            [0] => 01.jpg
            [1] => 02.jpg
            [2] => 03.jpg
            [3] => 04.jpg
            [4] => 05.jpg
            [5] => 06.jpg
            [6] => 07.jpg
            [7] => 08.jpg
            [8] => 09.jpg
            [9] => 11.jpg
            [10] => 12.jpg
            [11] => 13.jpg
            [12] => 14.jpg
            [13] => 15.jpg
            [14] => 16.jpg
            [15] => 17.jpg
            [16] => 18.jpg
        )

)



### 27.06.2021 05:32:20
Array
(
    [name] => Dmitrij ))
    [gallery_img] => Array
        (
            [0] => 01.jpg
            [1] => 02.jpg
            [2] => 03.jpg
            [3] => 04.jpg
            [4] => 05.jpg
            [5] => 06.jpg
            [6] => 07.jpg
            [7] => 08.jpg
            [8] => 09.jpg
            [9] => 11.jpg
            [10] => 12.jpg
            [11] => 13.jpg
            [12] => 14.jpg
            [13] => 15.jpg
            [14] => 16.jpg
            [15] => 17.jpg
            [16] => 18.jpg
        )

)



### 27.06.2021 05:32:21
Array
(
    [name] => Dmitrij ))
    [gallery_img] => Array
        (
            [0] => 01.jpg
            [1] => 02.jpg
            [2] => 03.jpg
            [3] => 04.jpg
            [4] => 05.jpg
            [5] => 06.jpg
            [6] => 07.jpg
            [7] => 08.jpg
            [8] => 09.jpg
            [9] => 11.jpg
            [10] => 12.jpg
            [11] => 13.jpg
            [12] => 14.jpg
            [13] => 15.jpg
            [14] => 16.jpg
            [15] => 17.jpg
            [16] => 18.jpg
        )

)



### 27.06.2021 05:32:21
Array
(
    [name] => Dmitrij ))
    [gallery_img] => Array
        (
            [0] => 01.jpg
            [1] => 02.jpg
            [2] => 03.jpg
            [3] => 04.jpg
            [4] => 05.jpg
            [5] => 06.jpg
            [6] => 07.jpg
            [7] => 08.jpg
            [8] => 09.jpg
            [9] => 11.jpg
            [10] => 12.jpg
            [11] => 13.jpg
            [12] => 14.jpg
            [13] => 15.jpg
            [14] => 16.jpg
            [15] => 17.jpg
            [16] => 18.jpg
        )

)



### 27.06.2021 05:32:21
Array
(
    [name] => Dmitrij ))
    [gallery_img] => Array
        (
            [0] => 01.jpg
            [1] => 02.jpg
            [2] => 03.jpg
            [3] => 04.jpg
            [4] => 05.jpg
            [5] => 06.jpg
            [6] => 07.jpg
            [7] => 08.jpg
            [8] => 09.jpg
            [9] => 11.jpg
            [10] => 12.jpg
            [11] => 13.jpg
            [12] => 14.jpg
            [13] => 15.jpg
            [14] => 16.jpg
            [15] => 17.jpg
            [16] => 18.jpg
        )

)



### 27.06.2021 05:32:21
Array
(
    [name] => Dmitrij ))
    [gallery_img] => Array
        (
            [0] => 01.jpg
            [1] => 02.jpg
            [2] => 03.jpg
            [3] => 04.jpg
            [4] => 05.jpg
            [5] => 06.jpg
            [6] => 07.jpg
            [7] => 08.jpg
            [8] => 09.jpg
            [9] => 11.jpg
            [10] => 12.jpg
            [11] => 13.jpg
            [12] => 14.jpg
            [13] => 15.jpg
            [14] => 16.jpg
            [15] => 17.jpg
            [16] => 18.jpg
        )

)



### 27.06.2021 05:32:22
Array
(
    [name] => Dmitrij ))
    [gallery_img] => Array
        (
            [0] => 01.jpg
            [1] => 02.jpg
            [2] => 03.jpg
            [3] => 04.jpg
            [4] => 05.jpg
            [5] => 06.jpg
            [6] => 07.jpg
            [7] => 08.jpg
            [8] => 09.jpg
            [9] => 11.jpg
            [10] => 12.jpg
            [11] => 13.jpg
            [12] => 14.jpg
            [13] => 15.jpg
            [14] => 16.jpg
            [15] => 17.jpg
            [16] => 18.jpg
        )

)



### 27.06.2021 05:32:22
Array
(
    [name] => Dmitrij ))
    [gallery_img] => Array
        (
            [0] => 01.jpg
            [1] => 02.jpg
            [2] => 03.jpg
            [3] => 04.jpg
            [4] => 05.jpg
            [5] => 06.jpg
            [6] => 07.jpg
            [7] => 08.jpg
            [8] => 09.jpg
            [9] => 11.jpg
            [10] => 12.jpg
            [11] => 13.jpg
            [12] => 14.jpg
            [13] => 15.jpg
            [14] => 16.jpg
            [15] => 17.jpg
            [16] => 18.jpg
        )

)



### 27.06.2021 05:32:22
Array
(
    [name] => Dmitrij ))
    [gallery_img] => Array
        (
            [0] => 01.jpg
            [1] => 02.jpg
            [2] => 03.jpg
            [3] => 04.jpg
            [4] => 05.jpg
            [5] => 06.jpg
            [6] => 07.jpg
            [7] => 08.jpg
            [8] => 09.jpg
            [9] => 11.jpg
            [10] => 12.jpg
            [11] => 13.jpg
            [12] => 14.jpg
            [13] => 15.jpg
            [14] => 16.jpg
            [15] => 17.jpg
            [16] => 18.jpg
        )

)



### 27.06.2021 05:32:43
Array
(
    [name] => Dmitrij ))
    [gallery_img] => Array
        (
            [0] => 01.jpg
            [1] => 02.jpg
            [2] => 03.jpg
            [3] => 04.jpg
            [4] => 05.jpg
            [5] => 06.jpg
            [6] => 07.jpg
            [7] => 08.jpg
            [8] => 09.jpg
            [9] => 11.jpg
            [10] => 12.jpg
            [11] => 13.jpg
            [12] => 14.jpg
            [13] => 15.jpg
            [14] => 16.jpg
            [15] => 17.jpg
            [16] => 18.jpg
        )

)



### 27.06.2021 05:32:44
Array
(
    [name] => Dmitrij ))
    [gallery_img] => Array
        (
            [0] => 01.jpg
            [1] => 02.jpg
            [2] => 03.jpg
            [3] => 04.jpg
            [4] => 05.jpg
            [5] => 06.jpg
            [6] => 07.jpg
            [7] => 08.jpg
            [8] => 09.jpg
            [9] => 11.jpg
            [10] => 12.jpg
            [11] => 13.jpg
            [12] => 14.jpg
            [13] => 15.jpg
            [14] => 16.jpg
            [15] => 17.jpg
            [16] => 18.jpg
        )

)



### 27.06.2021 05:32:44
Array
(
    [name] => Dmitrij ))
    [gallery_img] => Array
        (
            [0] => 01.jpg
            [1] => 02.jpg
            [2] => 03.jpg
            [3] => 04.jpg
            [4] => 05.jpg
            [5] => 06.jpg
            [6] => 07.jpg
            [7] => 08.jpg
            [8] => 09.jpg
            [9] => 11.jpg
            [10] => 12.jpg
            [11] => 13.jpg
            [12] => 14.jpg
            [13] => 15.jpg
            [14] => 16.jpg
            [15] => 17.jpg
            [16] => 18.jpg
        )

)



### 27.06.2021 05:32:45
Array
(
    [name] => Dmitrij ))
    [gallery_img] => Array
        (
            [0] => 01.jpg
            [1] => 02.jpg
            [2] => 03.jpg
            [3] => 04.jpg
            [4] => 05.jpg
            [5] => 06.jpg
            [6] => 07.jpg
            [7] => 08.jpg
            [8] => 09.jpg
            [9] => 11.jpg
            [10] => 12.jpg
            [11] => 13.jpg
            [12] => 14.jpg
            [13] => 15.jpg
            [14] => 16.jpg
            [15] => 17.jpg
            [16] => 18.jpg
        )

)



### 27.06.2021 05:34:01
Array
(
    [name] => Dmitrij ))
)



### 27.06.2021 05:34:01
Array
(
    [name] => Dmitrij ))
)



### 27.06.2021 05:34:02
Array
(
    [name] => Dmitrij ))
    [gallery_img] => Array
        (
            [0] => 01.jpg
            [1] => 02.jpg
            [2] => 03.jpg
            [3] => 04.jpg
            [4] => 05.jpg
            [5] => 06.jpg
            [6] => 07.jpg
            [7] => 08.jpg
            [8] => 09.jpg
            [9] => 11.jpg
            [10] => 12.jpg
            [11] => 13.jpg
            [12] => 14.jpg
            [13] => 15.jpg
            [14] => 16.jpg
            [15] => 17.jpg
            [16] => 18.jpg
        )

)



### 27.06.2021 05:34:10
Array
(
    [name] => Dmitrij ))
    [gallery_img] => Array
        (
            [0] => 01.jpg
            [1] => 02.jpg
            [2] => 03.jpg
            [3] => 04.jpg
            [4] => 05.jpg
            [5] => 06.jpg
            [6] => 07.jpg
            [7] => 08.jpg
            [8] => 09.jpg
            [9] => 11.jpg
            [10] => 12.jpg
            [11] => 13.jpg
            [12] => 14.jpg
            [13] => 15.jpg
            [14] => 16.jpg
            [15] => 17.jpg
            [16] => 18.jpg
        )

)



### 27.06.2021 05:34:14
Array
(
    [name] => Dmitrij ))
    [catalog] => Array
        (
            [0] => Array
                (
                    [name] => Пицца
                    [price] => 24
                )

            [1] => Array
                (
                    [name] => Чай
                    [price] => 1
                )

            [2] => Array
                (
                    [name] => Яблоко
                    [price] => 12
                )

        )

)



### 27.06.2021 05:34:22
Array
(
    [name] => Dmitrij ))
)



### 27.06.2021 05:34:24
Array
(
    [name] => Dmitrij ))
)



### 27.06.2021 05:34:28
Array
(
    [name] => Dmitrij ))
    [catalog] => Array
        (
            [0] => Array
                (
                    [name] => Пицца
                    [price] => 24
                )

            [1] => Array
                (
                    [name] => Чай
                    [price] => 1
                )

            [2] => Array
                (
                    [name] => Яблоко
                    [price] => 12
                )

        )

)



### 27.06.2021 05:34:31
Array
(
    [name] => Dmitrij ))
)



### 27.06.2021 05:34:34
Array
(
    [name] => Dmitrij ))
    [gallery_img] => Array
        (
            [0] => 01.jpg
            [1] => 02.jpg
            [2] => 03.jpg
            [3] => 04.jpg
            [4] => 05.jpg
            [5] => 06.jpg
            [6] => 07.jpg
            [7] => 08.jpg
            [8] => 09.jpg
            [9] => 11.jpg
            [10] => 12.jpg
            [11] => 13.jpg
            [12] => 14.jpg
            [13] => 15.jpg
            [14] => 16.jpg
            [15] => 17.jpg
            [16] => 18.jpg
        )

)



### 27.06.2021 05:34:38
Array
(
    [name] => Dmitrij ))
)



### 27.06.2021 05:35:58
Array
(
    [name] => Dmitrij ))
    [gallery_img] => Array
        (
            [0] => 01.jpg
            [1] => 02.jpg
            [2] => 03.jpg
            [3] => 04.jpg
            [4] => 05.jpg
            [5] => 06.jpg
            [6] => 07.jpg
            [7] => 08.jpg
            [8] => 09.jpg
            [9] => 11.jpg
            [10] => 12.jpg
            [11] => 13.jpg
            [12] => 14.jpg
            [13] => 15.jpg
            [14] => 16.jpg
            [15] => 17.jpg
            [16] => 18.jpg
        )

)



### 27.06.2021 05:36:00
Array
(
    [name] => Dmitrij ))
    [catalog] => Array
        (
            [0] => Array
                (
                    [name] => Пицца
                    [price] => 24
                )

            [1] => Array
                (
                    [name] => Чай
                    [price] => 1
                )

            [2] => Array
                (
                    [name] => Яблоко
                    [price] => 12
                )

        )

)



### 27.06.2021 05:36:33
Array
(
    [name] => Dmitrij ))
    [gallery_img] => Array
        (
            [0] => 01.jpg
            [1] => 02.jpg
            [2] => 03.jpg
            [3] => 04.jpg
            [4] => 05.jpg
            [5] => 06.jpg
            [6] => 07.jpg
            [7] => 08.jpg
            [8] => 09.jpg
            [9] => 11.jpg
            [10] => 12.jpg
            [11] => 13.jpg
            [12] => 14.jpg
            [13] => 15.jpg
            [14] => 16.jpg
            [15] => 17.jpg
            [16] => 18.jpg
        )

)



### 27.06.2021 05:36:35
Array
(
    [name] => Dmitrij ))
    [gallery_img] => Array
        (
            [0] => 01.jpg
            [1] => 02.jpg
            [2] => 03.jpg
            [3] => 04.jpg
            [4] => 05.jpg
            [5] => 06.jpg
            [6] => 07.jpg
            [7] => 08.jpg
            [8] => 09.jpg
            [9] => 11.jpg
            [10] => 12.jpg
            [11] => 13.jpg
            [12] => 14.jpg
            [13] => 15.jpg
            [14] => 16.jpg
            [15] => 17.jpg
            [16] => 18.jpg
        )

)



### 27.06.2021 05:36:37
Array
(
    [name] => Dmitrij ))
)



### 27.06.2021 05:36:40
Array
(
    [name] => Dmitrij ))
    [gallery_img] => Array
        (
            [0] => 01.jpg
            [1] => 02.jpg
            [2] => 03.jpg
            [3] => 04.jpg
            [4] => 05.jpg
            [5] => 06.jpg
            [6] => 07.jpg
            [7] => 08.jpg
            [8] => 09.jpg
            [9] => 11.jpg
            [10] => 12.jpg
            [11] => 13.jpg
            [12] => 14.jpg
            [13] => 15.jpg
            [14] => 16.jpg
            [15] => 17.jpg
            [16] => 18.jpg
        )

)



### 27.06.2021 05:36:51
Array
(
    [name] => Dmitrij ))
)



### 27.06.2021 05:36:52
Array
(
    [name] => Dmitrij ))
    [gallery_img] => Array
        (
            [0] => 01.jpg
            [1] => 02.jpg
            [2] => 03.jpg
            [3] => 04.jpg
            [4] => 05.jpg
            [5] => 06.jpg
            [6] => 07.jpg
            [7] => 08.jpg
            [8] => 09.jpg
            [9] => 11.jpg
            [10] => 12.jpg
            [11] => 13.jpg
            [12] => 14.jpg
            [13] => 15.jpg
            [14] => 16.jpg
            [15] => 17.jpg
            [16] => 18.jpg
        )

)



### 27.06.2021 05:36:54
Array
(
    [name] => Dmitrij ))
)



### 27.06.2021 05:40:22
Array
(
    [name] => Dmitrij ))
)



### 27.06.2021 05:40:24
Array
(
    [name] => Dmitrij ))
    [gallery_img] => Array
        (
            [0] => 01.jpg
            [1] => 02.jpg
            [2] => 03.jpg
            [3] => 04.jpg
            [4] => 05.jpg
            [5] => 06.jpg
            [6] => 07.jpg
            [7] => 08.jpg
            [8] => 09.jpg
            [9] => 11.jpg
            [10] => 12.jpg
            [11] => 13.jpg
            [12] => 14.jpg
            [13] => 15.jpg
            [14] => 16.jpg
            [15] => 17.jpg
            [16] => 18.jpg
        )

)



### 27.06.2021 05:42:05
Array
(
    [name] => Dmitrij ))
)



### 27.06.2021 05:42:30
Array
(
    [name] => Dmitrij ))
    [gallery_img] => Array
        (
            [0] => 01.jpg
            [1] => 02.jpg
            [2] => 03.jpg
            [3] => 04.jpg
            [4] => 05.jpg
            [5] => 06.jpg
            [6] => 07.jpg
            [7] => 08.jpg
            [8] => 09.jpg
            [9] => 11.jpg
            [10] => 12.jpg
            [11] => 13.jpg
            [12] => 14.jpg
            [13] => 15.jpg
            [14] => 16.jpg
            [15] => 17.jpg
            [16] => 18.jpg
        )

)



### 27.06.2021 05:46:02
Array
(
    [name] => Dmitrij ))
    [gallery_img] => Array
        (
            [0] => 01.jpg
            [1] => 02.jpg
            [2] => 03.jpg
            [3] => 04.jpg
            [4] => 05.jpg
            [5] => 06.jpg
            [6] => 07.jpg
            [7] => 08.jpg
            [8] => 09.jpg
            [9] => 11.jpg
            [10] => 12.jpg
            [11] => 13.jpg
            [12] => 14.jpg
            [13] => 15.jpg
            [14] => 16.jpg
            [15] => 17.jpg
            [16] => 18.jpg
        )

)



### 27.06.2021 05:46:03
Array
(
    [name] => Dmitrij ))
    [gallery_img] => Array
        (
            [0] => 01.jpg
            [1] => 02.jpg
            [2] => 03.jpg
            [3] => 04.jpg
            [4] => 05.jpg
            [5] => 06.jpg
            [6] => 07.jpg
            [7] => 08.jpg
            [8] => 09.jpg
            [9] => 11.jpg
            [10] => 12.jpg
            [11] => 13.jpg
            [12] => 14.jpg
            [13] => 15.jpg
            [14] => 16.jpg
            [15] => 17.jpg
            [16] => 18.jpg
        )

)



### 27.06.2021 05:52:46
Array
(
    [name] => Dmitrij ))
    [gallery_img] => Array
        (
            [0] => 01.jpg
            [1] => 02.jpg
            [2] => 03.jpg
            [3] => 04.jpg
            [4] => 05.jpg
            [5] => 06.jpg
            [6] => 07.jpg
            [7] => 08.jpg
            [8] => 09.jpg
            [9] => 11.jpg
            [10] => 12.jpg
            [11] => 13.jpg
            [12] => 14.jpg
            [13] => 15.jpg
            [14] => 16.jpg
            [15] => 17.jpg
            [16] => 18.jpg
        )

)



### 27.06.2021 05:52:47
Array
(
    [name] => Dmitrij ))
    [gallery_img] => Array
        (
            [0] => 01.jpg
            [1] => 02.jpg
            [2] => 03.jpg
            [3] => 04.jpg
            [4] => 05.jpg
            [5] => 06.jpg
            [6] => 07.jpg
            [7] => 08.jpg
            [8] => 09.jpg
            [9] => 11.jpg
            [10] => 12.jpg
            [11] => 13.jpg
            [12] => 14.jpg
            [13] => 15.jpg
            [14] => 16.jpg
            [15] => 17.jpg
            [16] => 18.jpg
        )

)



### 27.06.2021 05:54:16
Array
(
    [name] => Dmitrij ))
    [gallery_img] => Array
        (
            [0] => 01.jpg
            [1] => 02.jpg
            [2] => 03.jpg
            [3] => 04.jpg
            [4] => 05.jpg
            [5] => 06.jpg
            [6] => 07.jpg
            [7] => 08.jpg
            [8] => 09.jpg
            [9] => 11.jpg
            [10] => 12.jpg
            [11] => 13.jpg
            [12] => 14.jpg
            [13] => 15.jpg
            [14] => 16.jpg
            [15] => 17.jpg
            [16] => 18.jpg
        )

)



### 27.06.2021 05:54:17
Array
(
    [name] => Dmitrij ))
    [gallery_img] => Array
        (
            [0] => 01.jpg
            [1] => 02.jpg
            [2] => 03.jpg
            [3] => 04.jpg
            [4] => 05.jpg
            [5] => 06.jpg
            [6] => 07.jpg
            [7] => 08.jpg
            [8] => 09.jpg
            [9] => 11.jpg
            [10] => 12.jpg
            [11] => 13.jpg
            [12] => 14.jpg
            [13] => 15.jpg
            [14] => 16.jpg
            [15] => 17.jpg
            [16] => 18.jpg
        )

)



### 27.06.2021 05:54:56
Array
(
    [name] => Dmitrij ))
    [gallery_img] => Array
        (
            [0] => 01.jpg
            [1] => 02.jpg
            [2] => 03.jpg
            [3] => 04.jpg
            [4] => 05.jpg
            [5] => 06.jpg
            [6] => 07.jpg
            [7] => 08.jpg
            [8] => 09.jpg
            [9] => 11.jpg
            [10] => 12.jpg
            [11] => 13.jpg
            [12] => 14.jpg
            [13] => 15.jpg
            [14] => 16.jpg
            [15] => 17.jpg
            [16] => 18.jpg
        )

)



### 27.06.2021 05:54:57
Array
(
    [name] => Dmitrij ))
    [gallery_img] => Array
        (
            [0] => 01.jpg
            [1] => 02.jpg
            [2] => 03.jpg
            [3] => 04.jpg
            [4] => 05.jpg
            [5] => 06.jpg
            [6] => 07.jpg
            [7] => 08.jpg
            [8] => 09.jpg
            [9] => 11.jpg
            [10] => 12.jpg
            [11] => 13.jpg
            [12] => 14.jpg
            [13] => 15.jpg
            [14] => 16.jpg
            [15] => 17.jpg
            [16] => 18.jpg
        )

)



### 27.06.2021 05:55:55
Array
(
    [name] => Dmitrij ))
    [gallery_img] => Array
        (
            [0] => 01.jpg
            [1] => 02.jpg
            [2] => 03.jpg
            [3] => 04.jpg
            [4] => 05.jpg
            [5] => 06.jpg
            [6] => 07.jpg
            [7] => 08.jpg
            [8] => 09.jpg
            [9] => 11.jpg
            [10] => 12.jpg
            [11] => 13.jpg
            [12] => 14.jpg
            [13] => 15.jpg
            [14] => 16.jpg
            [15] => 17.jpg
            [16] => 18.jpg
        )

)



### 27.06.2021 05:56:07
Array
(
    [name] => Dmitrij ))
    [gallery_img] => Array
        (
            [0] => 01.jpg
            [1] => 02.jpg
            [2] => 03.jpg
            [3] => 04.jpg
            [4] => 05.jpg
            [5] => 06.jpg
            [6] => 07.jpg
            [7] => 08.jpg
            [8] => 09.jpg
            [9] => 11.jpg
            [10] => 12.jpg
            [11] => 13.jpg
            [12] => 14.jpg
            [13] => 15.jpg
            [14] => 16.jpg
            [15] => 17.jpg
            [16] => 18.jpg
        )

)



### 27.06.2021 05:58:09
Array
(
    [name] => Dmitrij ))
    [gallery_img] => Array
        (
        )

)



### 27.06.2021 05:58:15
Array
(
    [name] => Dmitrij ))
)



### 27.06.2021 05:58:29
Array
(
    [name] => Dmitrij ))
    [gallery_img] => Array
        (
        )

)



### 27.06.2021 06:05:26
Array
(
    [name] => Dmitrij ))
    [gallery_img] => Array
        (
        )

)



### 27.06.2021 06:05:31
Array
(
    [name] => Dmitrij ))
)



### 27.06.2021 06:05:42
Array
(
    [name] => Dmitrij ))
    [gallery_img] => Array
        (
            [0] => 01.jpg
        )

)



### 27.06.2021 06:06:08
Array
(
    [name] => Dmitrij ))
    [gallery_img] => Array
        (
            [0] => 01.jpg
        )

)



### 27.06.2021 06:06:13
Array
(
    [name] => Dmitrij ))
)



### 27.06.2021 06:06:13
Array
(
    [name] => Dmitrij ))
    [gallery_img] => Array
        (
            [0] => 01.jpg
            [1] => 02.jpg
        )

)



### 27.06.2021 06:06:17
Array
(
    [name] => Dmitrij ))
)



### 27.06.2021 06:06:17
Array
(
    [name] => Dmitrij ))
    [gallery_img] => Array
        (
            [0] => 01.jpg
            [1] => 02.jpg
            [2] => 03.jpg
        )

)



### 27.06.2021 06:09:41
Array
(
    [name] => Dmitrij ))
    [gallery_img] => Array
        (
        )

)



### 27.06.2021 06:09:45
Array
(
    [name] => Dmitrij ))
)



### 27.06.2021 06:09:45
Array
(
    [name] => Dmitrij ))
    [gallery_img] => Array
        (
            [0] => 01.jpg
        )

)



### 27.06.2021 06:09:50
Array
(
    [name] => Dmitrij ))
)



### 27.06.2021 06:09:50
Array
(
    [name] => Dmitrij ))
    [gallery_img] => Array
        (
            [0] => 01.jpg
            [1] => 02.jpg
        )

)



### 27.06.2021 06:09:54
Array
(
    [name] => Dmitrij ))
)



### 27.06.2021 06:09:54
Array
(
    [name] => Dmitrij ))
    [gallery_img] => Array
        (
            [0] => 01.jpg
            [1] => 02.jpg
            [2] => 03.jpg
        )

)



### 27.06.2021 06:10:51
Array
(
    [name] => Dmitrij ))
    [gallery_img] => Array
        (
            [0] => 01.jpg
            [1] => 02.jpg
            [2] => 03.jpg
        )

)



### 27.06.2021 06:12:42
Array
(
    [name] => Dmitrij ))
    [gallery_img] => Array
        (
            [0] => 01.jpg
            [1] => 02.jpg
            [2] => 03.jpg
        )

)



### 27.06.2021 06:13:13
Array
(
    [name] => Dmitrij ))
    [gallery_img] => Array
        (
            [0] => 01.jpg
            [1] => 02.jpg
            [2] => 03.jpg
        )

)



### 27.06.2021 06:13:14
Array
(
    [name] => Dmitrij ))
    [gallery_img] => Array
        (
            [0] => 01.jpg
            [1] => 02.jpg
            [2] => 03.jpg
        )

)



### 27.06.2021 06:13:26
Array
(
    [name] => Dmitrij ))
)



### 27.06.2021 06:13:28
Array
(
    [name] => Dmitrij ))
    [gallery_img] => Array
        (
            [0] => 01.jpg
            [1] => 02.jpg
            [2] => 03.jpg
        )

)



### 27.06.2021 06:13:36
Array
(
    [name] => Dmitrij ))
)



### 27.06.2021 06:13:36
Array
(
    [name] => Dmitrij ))
    [gallery_img] => Array
        (
            [0] => 01.jpg
            [1] => 02.jpg
            [2] => 03.jpg
            [3] => 04.jpg
        )

)



### 27.06.2021 06:14:12
Array
(
    [name] => Dmitrij ))
    [gallery_img] => Array
        (
            [0] => 01.jpg
            [1] => 02.jpg
            [2] => 03.jpg
            [3] => 04.jpg
        )

)



### 27.06.2021 06:14:45
Array
(
    [name] => Dmitrij ))
    [gallery_img] => Array
        (
            [0] => 01.jpg
            [1] => 02.jpg
            [2] => 03.jpg
            [3] => 04.jpg
        )

)



### 27.06.2021 06:14:47
Array
(
    [name] => Dmitrij ))
    [gallery_img] => Array
        (
            [0] => 01.jpg
            [1] => 02.jpg
            [2] => 03.jpg
            [3] => 04.jpg
        )

)



### 27.06.2021 06:14:51
Array
(
    [name] => Dmitrij ))
)



### 27.06.2021 06:14:52
Array
(
    [name] => Dmitrij ))
    [gallery_img] => Array
        (
            [0] => 01.jpg
            [1] => 02.jpg
            [2] => 03.jpg
            [3] => 04.jpg
        )

)



### 27.06.2021 06:15:11
Array
(
    [name] => Dmitrij ))
    [gallery_img] => Array
        (
            [0] => 01.jpg
            [1] => 02.jpg
            [2] => 03.jpg
            [3] => 04.jpg
        )

)



### 27.06.2021 06:15:59
Array
(
    [name] => Dmitrij ))
    [gallery_img] => Array
        (
            [0] => 01.jpg
            [1] => 02.jpg
            [2] => 03.jpg
            [3] => 04.jpg
        )

)



### 27.06.2021 06:16:00
Array
(
    [name] => Dmitrij ))
    [gallery_img] => Array
        (
            [0] => 01.jpg
            [1] => 02.jpg
            [2] => 03.jpg
            [3] => 04.jpg
        )

)



### 27.06.2021 06:16:04
Array
(
    [name] => Dmitrij ))
)



### 27.06.2021 06:16:05
Array
(
    [name] => Dmitrij ))
    [gallery_img] => Array
        (
            [0] => 01.jpg
            [1] => 02.jpg
            [2] => 03.jpg
            [3] => 04.jpg
        )

)



### 27.06.2021 06:16:14
Array
(
    [name] => Dmitrij ))
    [gallery_img] => Array
        (
            [0] => 01.jpg
            [1] => 02.jpg
            [2] => 03.jpg
            [3] => 04.jpg
        )

)



### 27.06.2021 06:16:51
Array
(
    [name] => Dmitrij ))
    [gallery_img] => Array
        (
            [0] => 01.jpg
            [1] => 02.jpg
            [2] => 03.jpg
            [3] => 04.jpg
        )

)



### 27.06.2021 06:16:52
Array
(
    [name] => Dmitrij ))
    [gallery_img] => Array
        (
            [0] => 01.jpg
            [1] => 02.jpg
            [2] => 03.jpg
            [3] => 04.jpg
        )

)



### 27.06.2021 06:18:08
Array
(
    [name] => Dmitrij ))
    [gallery_img] => Array
        (
            [0] => 01.jpg
            [1] => 02.jpg
            [2] => 03.jpg
            [3] => 04.jpg
        )

)



### 27.06.2021 06:18:09
Array
(
    [name] => Dmitrij ))
    [gallery_img] => Array
        (
            [0] => 01.jpg
            [1] => 02.jpg
            [2] => 03.jpg
            [3] => 04.jpg
        )

)



### 27.06.2021 06:18:10
Array
(
    [name] => Dmitrij ))
    [gallery_img] => Array
        (
            [0] => 01.jpg
            [1] => 02.jpg
            [2] => 03.jpg
            [3] => 04.jpg
        )

)



### 27.06.2021 06:18:10
Array
(
    [name] => Dmitrij ))
    [gallery_img] => Array
        (
            [0] => 01.jpg
            [1] => 02.jpg
            [2] => 03.jpg
            [3] => 04.jpg
        )

)



### 27.06.2021 06:18:23
Array
(
    [name] => Dmitrij ))
)



### 27.06.2021 06:18:24
Array
(
    [name] => Dmitrij ))
    [gallery_img] => Array
        (
            [0] => 01.jpg
            [1] => 02.jpg
            [2] => 03.jpg
            [3] => 04.jpg
        )

)



### 27.06.2021 06:18:31
Array
(
    [name] => Dmitrij ))
)



### 27.06.2021 06:18:31
Array
(
    [name] => Dmitrij ))
    [gallery_img] => Array
        (
            [0] => 01.jpg
            [1] => 02.jpg
            [2] => 03.jpg
            [3] => 04.jpg
        )

)



### 27.06.2021 06:18:36
Array
(
    [name] => Dmitrij ))
)



### 27.06.2021 06:18:36
Array
(
    [name] => Dmitrij ))
    [gallery_img] => Array
        (
            [0] => 01.jpg
            [1] => 02.jpg
            [2] => 03.jpg
            [3] => 04.jpg
            [4] => 05.jpg
        )

)



### 27.06.2021 06:18:44
Array
(
    [name] => Dmitrij ))
)



### 27.06.2021 06:18:44
Array
(
    [name] => Dmitrij ))
    [gallery_img] => Array
        (
            [0] => 01.jpg
            [1] => 02.jpg
            [2] => 03.jpg
            [3] => 04.jpg
            [4] => 05.jpg
            [5] => 06.jpg
        )

)



### 27.06.2021 06:19:35
Array
(
    [name] => Dmitrij ))
    [gallery_img] => Array
        (
            [0] => 01.jpg
            [1] => 02.jpg
            [2] => 03.jpg
            [3] => 04.jpg
            [4] => 05.jpg
            [5] => 06.jpg
        )

)



### 27.06.2021 06:19:36
Array
(
    [name] => Dmitrij ))
    [gallery_img] => Array
        (
            [0] => 01.jpg
            [1] => 02.jpg
            [2] => 03.jpg
            [3] => 04.jpg
            [4] => 05.jpg
            [5] => 06.jpg
        )

)



### 27.06.2021 06:22:28
Array
(
    [name] => Dmitrij ))
    [gallery_img] => Array
        (
            [0] => 01.jpg
            [1] => 02.jpg
            [2] => 03.jpg
            [3] => 04.jpg
            [4] => 05.jpg
            [5] => 06.jpg
        )

)



### 27.06.2021 06:22:29
Array
(
    [name] => Dmitrij ))
    [gallery_img] => Array
        (
            [0] => 01.jpg
            [1] => 02.jpg
            [2] => 03.jpg
            [3] => 04.jpg
            [4] => 05.jpg
            [5] => 06.jpg
        )

)



### 27.06.2021 06:23:17
Array
(
    [name] => Dmitrij ))
    [gallery_img] => Array
        (
            [0] => 01.jpg
            [1] => 02.jpg
            [2] => 03.jpg
            [3] => 04.jpg
            [4] => 05.jpg
            [5] => 06.jpg
        )

)



### 27.06.2021 06:23:17
Array
(
    [name] => Dmitrij ))
    [gallery_img] => Array
        (
            [0] => 01.jpg
            [1] => 02.jpg
            [2] => 03.jpg
            [3] => 04.jpg
            [4] => 05.jpg
            [5] => 06.jpg
        )

)



### 27.06.2021 06:23:21
Array
(
    [name] => Dmitrij ))
    [gallery_img] => Array
        (
            [0] => 01.jpg
            [1] => 02.jpg
            [2] => 03.jpg
            [3] => 04.jpg
            [4] => 05.jpg
            [5] => 06.jpg
        )

)



### 27.06.2021 06:23:22
Array
(
    [name] => Dmitrij ))
    [gallery_img] => Array
        (
            [0] => 01.jpg
            [1] => 02.jpg
            [2] => 03.jpg
            [3] => 04.jpg
            [4] => 05.jpg
            [5] => 06.jpg
        )

)



### 27.06.2021 06:24:09
Array
(
    [name] => Dmitrij ))
    [gallery_img] => Array
        (
            [0] => 01.jpg
            [1] => 02.jpg
            [2] => 03.jpg
            [3] => 04.jpg
            [4] => 05.jpg
            [5] => 06.jpg
        )

)



### 27.06.2021 06:24:25
Array
(
    [name] => Dmitrij ))
)



### 27.06.2021 06:24:25
Array
(
    [name] => Dmitrij ))
    [gallery_img] => Array
        (
            [0] => 01.jpg
            [1] => 02.jpg
            [2] => 03.jpg
            [3] => 04.jpg
            [4] => 05.jpg
            [5] => 06.jpg
        )

)



### 27.06.2021 06:24:29
Array
(
    [name] => Dmitrij ))
)



### 27.06.2021 06:24:29
Array
(
    [name] => Dmitrij ))
    [gallery_img] => Array
        (
            [0] => 01.jpg
            [1] => 02.jpg
            [2] => 03.jpg
            [3] => 04.jpg
            [4] => 05.jpg
            [5] => 06.jpg
        )

)



### 27.06.2021 06:24:36
Array
(
    [name] => Dmitrij ))
)



### 27.06.2021 06:24:36
Array
(
    [name] => Dmitrij ))
    [gallery_img] => Array
        (
            [0] => 01.jpg
            [1] => 02.jpg
            [2] => 03.jpg
            [3] => 04.jpg
            [4] => 05.jpg
            [5] => 06.jpg
            [6] => 07.jpg
        )

)



### 27.06.2021 06:24:41
Array
(
    [name] => Dmitrij ))
)



### 27.06.2021 06:24:41
Array
(
    [name] => Dmitrij ))
    [gallery_img] => Array
        (
            [0] => 01.jpg
            [1] => 02.jpg
            [2] => 03.jpg
            [3] => 04.jpg
            [4] => 05.jpg
            [5] => 06.jpg
            [6] => 07.jpg
            [7] => 08.jpg
        )

)



### 27.06.2021 06:24:46
Array
(
    [name] => Dmitrij ))
)



### 27.06.2021 06:24:46
Array
(
    [name] => Dmitrij ))
    [gallery_img] => Array
        (
            [0] => 01.jpg
            [1] => 02.jpg
            [2] => 03.jpg
            [3] => 04.jpg
            [4] => 05.jpg
            [5] => 06.jpg
            [6] => 07.jpg
            [7] => 08.jpg
            [8] => 09.jpg
        )

)



### 27.06.2021 06:24:51
Array
(
    [name] => Dmitrij ))
)



### 27.06.2021 06:24:51
Array
(
    [name] => Dmitrij ))
    [gallery_img] => Array
        (
            [0] => 01.jpg
            [1] => 02.jpg
            [2] => 03.jpg
            [3] => 04.jpg
            [4] => 05.jpg
            [5] => 06.jpg
            [6] => 07.jpg
            [7] => 08.jpg
            [8] => 09.jpg
            [9] => 10.jpg
        )

)



### 27.06.2021 06:24:55
Array
(
    [name] => Dmitrij ))
)



### 27.06.2021 06:24:55
Array
(
    [name] => Dmitrij ))
    [gallery_img] => Array
        (
            [0] => 01.jpg
            [1] => 02.jpg
            [2] => 03.jpg
            [3] => 04.jpg
            [4] => 05.jpg
            [5] => 06.jpg
            [6] => 07.jpg
            [7] => 08.jpg
            [8] => 09.jpg
            [9] => 10.jpg
            [10] => 11.jpg
        )

)



### 27.06.2021 06:25:00
Array
(
    [name] => Dmitrij ))
)



### 27.06.2021 06:25:00
Array
(
    [name] => Dmitrij ))
    [gallery_img] => Array
        (
            [0] => 01.jpg
            [1] => 02.jpg
            [2] => 03.jpg
            [3] => 04.jpg
            [4] => 05.jpg
            [5] => 06.jpg
            [6] => 07.jpg
            [7] => 08.jpg
            [8] => 09.jpg
            [9] => 10.jpg
            [10] => 11.jpg
            [11] => 12.jpg
        )

)



### 27.06.2021 06:25:05
Array
(
    [name] => Dmitrij ))
)



### 27.06.2021 06:25:05
Array
(
    [name] => Dmitrij ))
    [gallery_img] => Array
        (
            [0] => 01.jpg
            [1] => 02.jpg
            [2] => 03.jpg
            [3] => 04.jpg
            [4] => 05.jpg
            [5] => 06.jpg
            [6] => 07.jpg
            [7] => 08.jpg
            [8] => 09.jpg
            [9] => 10.jpg
            [10] => 11.jpg
            [11] => 12.jpg
            [12] => 13.jpg
        )

)



### 27.06.2021 06:25:11
Array
(
    [name] => Dmitrij ))
)



### 27.06.2021 06:25:11
Array
(
    [name] => Dmitrij ))
    [gallery_img] => Array
        (
            [0] => 01.jpg
            [1] => 02.jpg
            [2] => 03.jpg
            [3] => 04.jpg
            [4] => 05.jpg
            [5] => 06.jpg
            [6] => 07.jpg
            [7] => 08.jpg
            [8] => 09.jpg
            [9] => 10.jpg
            [10] => 11.jpg
            [11] => 12.jpg
            [12] => 13.jpg
            [13] => 14.jpg
        )

)



### 27.06.2021 06:25:15
Array
(
    [name] => Dmitrij ))
)



### 27.06.2021 06:25:15
Array
(
    [name] => Dmitrij ))
    [gallery_img] => Array
        (
            [0] => 01.jpg
            [1] => 02.jpg
            [2] => 03.jpg
            [3] => 04.jpg
            [4] => 05.jpg
            [5] => 06.jpg
            [6] => 07.jpg
            [7] => 08.jpg
            [8] => 09.jpg
            [9] => 10.jpg
            [10] => 11.jpg
            [11] => 12.jpg
            [12] => 13.jpg
            [13] => 14.jpg
            [14] => 15.jpg
        )

)



### 27.06.2021 06:25:19
Array
(
    [name] => Dmitrij ))
)



### 27.06.2021 06:25:21
Array
(
    [name] => Dmitrij ))
    [gallery_img] => Array
        (
            [0] => 01.jpg
            [1] => 02.jpg
            [2] => 03.jpg
            [3] => 04.jpg
            [4] => 05.jpg
            [5] => 06.jpg
            [6] => 07.jpg
            [7] => 08.jpg
            [8] => 09.jpg
            [9] => 10.jpg
            [10] => 11.jpg
            [11] => 12.jpg
            [12] => 13.jpg
            [13] => 14.jpg
            [14] => 15.jpg
        )

)



### 27.06.2021 06:25:23
Array
(
    [name] => Dmitrij ))
)



### 27.06.2021 06:25:25
Array
(
    [name] => Dmitrij ))
)



### 27.06.2021 06:25:26
Array
(
    [name] => Dmitrij ))
    [catalog] => Array
        (
            [0] => Array
                (
                    [name] => Пицца
                    [price] => 24
                )

            [1] => Array
                (
                    [name] => Чай
                    [price] => 1
                )

            [2] => Array
                (
                    [name] => Яблоко
                    [price] => 12
                )

        )

)



### 27.06.2021 06:25:28
Array
(
    [name] => Dmitrij ))
)



### 27.06.2021 06:25:29
Array
(
    [name] => Dmitrij ))
    [catalog] => Array
        (
            [0] => Array
                (
                    [name] => Пицца
                    [price] => 24
                )

            [1] => Array
                (
                    [name] => Чай
                    [price] => 1
                )

            [2] => Array
                (
                    [name] => Яблоко
                    [price] => 12
                )

        )

)



### 27.06.2021 06:27:06
Array
(
    [name] => Dmitrij ))
    [catalog] => Array
        (
            [0] => Array
                (
                    [name] => Пицца
                    [price] => 24
                )

            [1] => Array
                (
                    [name] => Чай
                    [price] => 1
                )

            [2] => Array
                (
                    [name] => Яблоко
                    [price] => 12
                )

        )

)



### 27.06.2021 06:27:14
Array
(
    [name] => Dmitrij ))
    [gallery_img] => Array
        (
            [0] => 01.jpg
            [1] => 02.jpg
            [2] => 03.jpg
            [3] => 04.jpg
            [4] => 05.jpg
            [5] => 06.jpg
            [6] => 07.jpg
            [7] => 08.jpg
            [8] => 09.jpg
            [9] => 10.jpg
            [10] => 11.jpg
            [11] => 12.jpg
            [12] => 13.jpg
            [13] => 14.jpg
            [14] => 15.jpg
        )

)



