### 20.05.2021 21:23:23
Array
(
    [name] => Админ
)



### 20.05.2021 21:23:24
Array
(
    [name] => Админ
    [catalog] => Array
        (
            [0] => Array
                (
                    [name] => Пицца
                    [price] => 24
                )

            [1] => Array
                (
                    [name] => Чай
                    [price] => 1
                )

            [2] => Array
                (
                    [name] => Яблоко
                    [price] => 12
                )

        )

)



### 20.05.2021 21:23:25
Array
(
    [name] => Админ
    [files] => Array
        (
            [0] => Ведомость.txt
            [1] => Зарплата.txt
        )

)



### 20.05.2021 21:24:55
Array
(
    [name] => Админ
)



### 20.05.2021 21:30:08
Array
(
    [name] => Админ
)



### 20.05.2021 21:30:10
Array
(
    [name] => Админ
)



### 20.05.2021 21:30:10
Array
(
    [name] => Админ
    [catalog] => Array
        (
            [0] => Array
                (
                    [name] => Пицца
                    [price] => 24
                )

            [1] => Array
                (
                    [name] => Чай
                    [price] => 1
                )

            [2] => Array
                (
                    [name] => Яблоко
                    [price] => 12
                )

        )

)



### 20.05.2021 21:30:11
Array
(
    [name] => Админ
    [files] => Array
        (
            [0] => Ведомость.txt
            [1] => Зарплата.txt
        )

)



### 20.05.2021 21:30:12
Array
(
    [name] => Админ
)



### 20.05.2021 21:30:15
Array
(
    [name] => Админ
)



### 20.05.2021 21:33:06
Array
(
    [name] => Админ
)



### 20.05.2021 21:33:07
Array
(
    [name] => Админ
    [files] => Array
        (
            [0] => Ведомость.txt
            [1] => Зарплата.txt
        )

)



### 20.05.2021 21:34:57
Array
(
    [name] => Админ
    [files] => Array
        (
            [0] => Ведомость.txt
            [1] => Зарплата.txt
        )

)



### 20.05.2021 21:34:58
Array
(
    [name] => Админ
    [catalog] => Array
        (
            [0] => Array
                (
                    [name] => Пицца
                    [price] => 24
                )

            [1] => Array
                (
                    [name] => Чай
                    [price] => 1
                )

            [2] => Array
                (
                    [name] => Яблоко
                    [price] => 12
                )

        )

)



### 20.05.2021 21:34:58
Array
(
    [name] => Админ
)



### 20.05.2021 21:34:59
Array
(
    [name] => Админ
    [catalog] => Array
        (
            [0] => Array
                (
                    [name] => Пицца
                    [price] => 24
                )

            [1] => Array
                (
                    [name] => Чай
                    [price] => 1
                )

            [2] => Array
                (
                    [name] => Яблоко
                    [price] => 12
                )

        )

)



### 20.05.2021 21:35:00
Array
(
    [name] => Админ
    [files] => Array
        (
            [0] => Ведомость.txt
            [1] => Зарплата.txt
        )

)



### 20.05.2021 21:35:01
Array
(
    [name] => Админ
)



### 20.05.2021 21:35:02
Array
(
    [name] => Админ
    [files] => Array
        (
            [0] => Ведомость.txt
            [1] => Зарплата.txt
        )

)



### 24.05.2021 21:06:01
Array
(
    [name] => Админ
)



### 24.05.2021 21:20:25
Array
(
    [name] => Админ
)



### 24.05.2021 21:20:57
Array
(
    [name] => Админ
)



### 24.05.2021 21:21:35
Array
(
    [name] => Админ
    [news] => Array
        (
            [0] => Array
                (
                    [id] => 4
                    [title] => ВОЗ спрогнозировала появление нового смертоносного вируса
                    [text] => 
МОСКВА, 24 мая — РИА Новости. Рано или поздно человечество столкнется с новой пандемией, которая окажется опаснее нынешней, заявил генеральный директор Всемирной организации здравоохранения (ВОЗ) Тедрос Адханом Гебрейесус.
"Появится другой вирус, который будет более заразным и смертоносным, чем этот", — сказал он, выступая на открытии 74-й сессии ВОЗ.
Прохожие на одной из улиц Уханя - РИА Новости, 1920, 24.05.2021
10:45
В МИД Китая прокомментировали сообщения о болезни трех вирусологов до пандемии
По мнению главы организации, именно борьба с вирусами показывает, что государствам следует сотрудничать друг с другом, а не соревноваться.
"По факту мы стоим перед выбором: действовать сообща или быть незащищенными", — заключил Гебрейесус.
Всемирная ассамблея здравоохранения проходит с 24 мая по 1 июня в виртуальном формате. Ее основная тема — борьба с пандемией COVID-19 и предотвращение новых глобальных чрезвычайных ситуаций в области здравоохранения. В работе ассамблеи принимают участие делегации со всего мира.
                    [categoty_id] => 3
                    [views] => 0
                )

            [1] => Array
                (
                    [id] => 6
                    [title] => Глава немецкой делегации рассказал о впечатлениях от поездки в Крым
                    [text] => СИМФЕРОПОЛЬ, 24 мая — РИА Новости. Жители Германии очень хотят попасть в Крым, чтобы увидеть прогресс в развитии полуострова, заявил глава немецкой делегации Виктор Триппель.
Двадцать второго мая 25 граждан ФРГ приехали в российский регион в рамках проекта народной дипломатии "Мирный Крым — своими глазами. Крымские реалии без европейских домыслов".
"Наша дружба будет продолжаться. Мы от всего сердца ездим к вам в гости. Я никого (из участников поездки. — Прим. ред.) не уговаривал, никому деньги не давал. Люди сами приехали — и еще приедут. Все очень хотят попасть в Крым, посмотреть своими глазами, как у вас все здесь замечательно", — сказал Триппель на встрече в крымском парламенте.

Он уточнил, что уже не в первый раз привозит немецких туристов на полуостров, подчеркнув, что это безопасный регион.
                    [categoty_id] => 4
                    [views] => 0
                )

        )

)



### 24.05.2021 21:21:38
Array
(
    [name] => Админ
)



### 24.05.2021 21:22:22
Array
(
    [name] => Админ
    [news] => Array
        (
            [id] => 4
            [title] => ВОЗ спрогнозировала появление нового смертоносного вируса
            [text] => 
МОСКВА, 24 мая — РИА Новости. Рано или поздно человечество столкнется с новой пандемией, которая окажется опаснее нынешней, заявил генеральный директор Всемирной организации здравоохранения (ВОЗ) Тедрос Адханом Гебрейесус.
"Появится другой вирус, который будет более заразным и смертоносным, чем этот", — сказал он, выступая на открытии 74-й сессии ВОЗ.
Прохожие на одной из улиц Уханя - РИА Новости, 1920, 24.05.2021
10:45
В МИД Китая прокомментировали сообщения о болезни трех вирусологов до пандемии
По мнению главы организации, именно борьба с вирусами показывает, что государствам следует сотрудничать друг с другом, а не соревноваться.
"По факту мы стоим перед выбором: действовать сообща или быть незащищенными", — заключил Гебрейесус.
Всемирная ассамблея здравоохранения проходит с 24 мая по 1 июня в виртуальном формате. Ее основная тема — борьба с пандемией COVID-19 и предотвращение новых глобальных чрезвычайных ситуаций в области здравоохранения. В работе ассамблеи принимают участие делегации со всего мира.
            [categoty_id] => 3
            [views] => 0
        )

)



### 24.05.2021 21:22:24
Array
(
    [name] => Админ
    [news] => Array
        (
            [0] => Array
                (
                    [id] => 4
                    [title] => ВОЗ спрогнозировала появление нового смертоносного вируса
                    [text] => 
МОСКВА, 24 мая — РИА Новости. Рано или поздно человечество столкнется с новой пандемией, которая окажется опаснее нынешней, заявил генеральный директор Всемирной организации здравоохранения (ВОЗ) Тедрос Адханом Гебрейесус.
"Появится другой вирус, который будет более заразным и смертоносным, чем этот", — сказал он, выступая на открытии 74-й сессии ВОЗ.
Прохожие на одной из улиц Уханя - РИА Новости, 1920, 24.05.2021
10:45
В МИД Китая прокомментировали сообщения о болезни трех вирусологов до пандемии
По мнению главы организации, именно борьба с вирусами показывает, что государствам следует сотрудничать друг с другом, а не соревноваться.
"По факту мы стоим перед выбором: действовать сообща или быть незащищенными", — заключил Гебрейесус.
Всемирная ассамблея здравоохранения проходит с 24 мая по 1 июня в виртуальном формате. Ее основная тема — борьба с пандемией COVID-19 и предотвращение новых глобальных чрезвычайных ситуаций в области здравоохранения. В работе ассамблеи принимают участие делегации со всего мира.
                    [categoty_id] => 3
                    [views] => 0
                )

            [1] => Array
                (
                    [id] => 6
                    [title] => Глава немецкой делегации рассказал о впечатлениях от поездки в Крым
                    [text] => СИМФЕРОПОЛЬ, 24 мая — РИА Новости. Жители Германии очень хотят попасть в Крым, чтобы увидеть прогресс в развитии полуострова, заявил глава немецкой делегации Виктор Триппель.
Двадцать второго мая 25 граждан ФРГ приехали в российский регион в рамках проекта народной дипломатии "Мирный Крым — своими глазами. Крымские реалии без европейских домыслов".
"Наша дружба будет продолжаться. Мы от всего сердца ездим к вам в гости. Я никого (из участников поездки. — Прим. ред.) не уговаривал, никому деньги не давал. Люди сами приехали — и еще приедут. Все очень хотят попасть в Крым, посмотреть своими глазами, как у вас все здесь замечательно", — сказал Триппель на встрече в крымском парламенте.

Он уточнил, что уже не в первый раз привозит немецких туристов на полуостров, подчеркнув, что это безопасный регион.
                    [categoty_id] => 4
                    [views] => 0
                )

        )

)



### 24.05.2021 21:22:25
Array
(
    [name] => Админ
    [news] => Array
        (
            [id] => 6
            [title] => Глава немецкой делегации рассказал о впечатлениях от поездки в Крым
            [text] => СИМФЕРОПОЛЬ, 24 мая — РИА Новости. Жители Германии очень хотят попасть в Крым, чтобы увидеть прогресс в развитии полуострова, заявил глава немецкой делегации Виктор Триппель.
Двадцать второго мая 25 граждан ФРГ приехали в российский регион в рамках проекта народной дипломатии "Мирный Крым — своими глазами. Крымские реалии без европейских домыслов".
"Наша дружба будет продолжаться. Мы от всего сердца ездим к вам в гости. Я никого (из участников поездки. — Прим. ред.) не уговаривал, никому деньги не давал. Люди сами приехали — и еще приедут. Все очень хотят попасть в Крым, посмотреть своими глазами, как у вас все здесь замечательно", — сказал Триппель на встрече в крымском парламенте.

Он уточнил, что уже не в первый раз привозит немецких туристов на полуостров, подчеркнув, что это безопасный регион.
            [categoty_id] => 4
            [views] => 0
        )

)



### 24.05.2021 21:24:11
Array
(
    [name] => Админ
    [news] => Array
        (
            [0] => Array
                (
                    [id] => 4
                    [title] => ВОЗ спрогнозировала появление нового смертоносного вируса
                    [text] => 
МОСКВА, 24 мая — РИА Новости. Рано или поздно человечество столкнется с новой пандемией, которая окажется опаснее нынешней, заявил генеральный директор Всемирной организации здравоохранения (ВОЗ) Тедрос Адханом Гебрейесус.
"Появится другой вирус, который будет более заразным и смертоносным, чем этот", — сказал он, выступая на открытии 74-й сессии ВОЗ.
Прохожие на одной из улиц Уханя - РИА Новости, 1920, 24.05.2021
10:45
В МИД Китая прокомментировали сообщения о болезни трех вирусологов до пандемии
По мнению главы организации, именно борьба с вирусами показывает, что государствам следует сотрудничать друг с другом, а не соревноваться.
"По факту мы стоим перед выбором: действовать сообща или быть незащищенными", — заключил Гебрейесус.
Всемирная ассамблея здравоохранения проходит с 24 мая по 1 июня в виртуальном формате. Ее основная тема — борьба с пандемией COVID-19 и предотвращение новых глобальных чрезвычайных ситуаций в области здравоохранения. В работе ассамблеи принимают участие делегации со всего мира.
                    [categoty_id] => 3
                    [views] => 0
                )

            [1] => Array
                (
                    [id] => 6
                    [title] => Глава немецкой делегации рассказал о впечатлениях от поездки в Крым
                    [text] => СИМФЕРОПОЛЬ, 24 мая — РИА Новости. Жители Германии очень хотят попасть в Крым, чтобы увидеть прогресс в развитии полуострова, заявил глава немецкой делегации Виктор Триппель.
Двадцать второго мая 25 граждан ФРГ приехали в российский регион в рамках проекта народной дипломатии "Мирный Крым — своими глазами. Крымские реалии без европейских домыслов".
"Наша дружба будет продолжаться. Мы от всего сердца ездим к вам в гости. Я никого (из участников поездки. — Прим. ред.) не уговаривал, никому деньги не давал. Люди сами приехали — и еще приедут. Все очень хотят попасть в Крым, посмотреть своими глазами, как у вас все здесь замечательно", — сказал Триппель на встрече в крымском парламенте.

Он уточнил, что уже не в первый раз привозит немецких туристов на полуостров, подчеркнув, что это безопасный регион.
                    [categoty_id] => 4
                    [views] => 0
                )

        )

)



### 24.05.2021 21:26:30
Array
(
    [name] => Админ
)



### 24.05.2021 21:26:41
Array
(
    [name] => Админ
)



### 24.05.2021 21:26:51
Array
(
    [name] => Админ
)



### 24.05.2021 21:27:44
Array
(
    [name] => Админ
)



### 24.05.2021 21:27:53
Array
(
    [name] => Админ
)



### 24.05.2021 21:28:55
Array
(
    [name] => Админ
)



### 24.05.2021 21:28:57
Array
(
    [name] => Админ
    [catalog] => Array
        (
            [0] => Array
                (
                    [name] => Пицца
                    [price] => 24
                )

            [1] => Array
                (
                    [name] => Чай
                    [price] => 1
                )

            [2] => Array
                (
                    [name] => Яблоко
                    [price] => 12
                )

        )

)



### 24.05.2021 21:28:57
Array
(
    [name] => Админ
)



### 24.05.2021 21:28:57
Array
(
    [name] => Админ
)



### 24.05.2021 21:28:57
Array
(
    [name] => Админ
)



### 24.05.2021 21:28:58
Array
(
    [name] => Админ
    [files] => Array
        (
            [0] => Ведомость.txt
            [1] => Зарплата.txt
        )

)



### 24.05.2021 21:28:59
Array
(
    [name] => Админ
)



### 24.05.2021 21:29:01
Array
(
    [name] => Админ
    [news] => Array
        (
            [0] => Array
                (
                    [id] => 4
                    [title] => ВОЗ спрогнозировала появление нового смертоносного вируса
                    [text] => 
МОСКВА, 24 мая — РИА Новости. Рано или поздно человечество столкнется с новой пандемией, которая окажется опаснее нынешней, заявил генеральный директор Всемирной организации здравоохранения (ВОЗ) Тедрос Адханом Гебрейесус.
"Появится другой вирус, который будет более заразным и смертоносным, чем этот", — сказал он, выступая на открытии 74-й сессии ВОЗ.
Прохожие на одной из улиц Уханя - РИА Новости, 1920, 24.05.2021
10:45
В МИД Китая прокомментировали сообщения о болезни трех вирусологов до пандемии
По мнению главы организации, именно борьба с вирусами показывает, что государствам следует сотрудничать друг с другом, а не соревноваться.
"По факту мы стоим перед выбором: действовать сообща или быть незащищенными", — заключил Гебрейесус.
Всемирная ассамблея здравоохранения проходит с 24 мая по 1 июня в виртуальном формате. Ее основная тема — борьба с пандемией COVID-19 и предотвращение новых глобальных чрезвычайных ситуаций в области здравоохранения. В работе ассамблеи принимают участие делегации со всего мира.
                    [categoty_id] => 3
                    [views] => 0
                )

            [1] => Array
                (
                    [id] => 6
                    [title] => Глава немецкой делегации рассказал о впечатлениях от поездки в Крым
                    [text] => СИМФЕРОПОЛЬ, 24 мая — РИА Новости. Жители Германии очень хотят попасть в Крым, чтобы увидеть прогресс в развитии полуострова, заявил глава немецкой делегации Виктор Триппель.
Двадцать второго мая 25 граждан ФРГ приехали в российский регион в рамках проекта народной дипломатии "Мирный Крым — своими глазами. Крымские реалии без европейских домыслов".
"Наша дружба будет продолжаться. Мы от всего сердца ездим к вам в гости. Я никого (из участников поездки. — Прим. ред.) не уговаривал, никому деньги не давал. Люди сами приехали — и еще приедут. Все очень хотят попасть в Крым, посмотреть своими глазами, как у вас все здесь замечательно", — сказал Триппель на встрече в крымском парламенте.

Он уточнил, что уже не в первый раз привозит немецких туристов на полуостров, подчеркнув, что это безопасный регион.
                    [categoty_id] => 4
                    [views] => 0
                )

        )

)



### 24.05.2021 21:29:04
Array
(
    [name] => Админ
    [news] => Array
        (
            [id] => 4
            [title] => ВОЗ спрогнозировала появление нового смертоносного вируса
            [text] => 
МОСКВА, 24 мая — РИА Новости. Рано или поздно человечество столкнется с новой пандемией, которая окажется опаснее нынешней, заявил генеральный директор Всемирной организации здравоохранения (ВОЗ) Тедрос Адханом Гебрейесус.
"Появится другой вирус, который будет более заразным и смертоносным, чем этот", — сказал он, выступая на открытии 74-й сессии ВОЗ.
Прохожие на одной из улиц Уханя - РИА Новости, 1920, 24.05.2021
10:45
В МИД Китая прокомментировали сообщения о болезни трех вирусологов до пандемии
По мнению главы организации, именно борьба с вирусами показывает, что государствам следует сотрудничать друг с другом, а не соревноваться.
"По факту мы стоим перед выбором: действовать сообща или быть незащищенными", — заключил Гебрейесус.
Всемирная ассамблея здравоохранения проходит с 24 мая по 1 июня в виртуальном формате. Ее основная тема — борьба с пандемией COVID-19 и предотвращение новых глобальных чрезвычайных ситуаций в области здравоохранения. В работе ассамблеи принимают участие делегации со всего мира.
            [categoty_id] => 3
            [views] => 0
        )

)



