### 20.05.2021 21:23:23
Array
(
    [name] => Админ
)



### 20.05.2021 21:23:24
Array
(
    [name] => Админ
    [catalog] => Array
        (
            [0] => Array
                (
                    [name] => Пицца
                    [price] => 24
                )

            [1] => Array
                (
                    [name] => Чай
                    [price] => 1
                )

            [2] => Array
                (
                    [name] => Яблоко
                    [price] => 12
                )

        )

)



### 20.05.2021 21:23:25
Array
(
    [name] => Админ
    [files] => Array
        (
            [0] => Ведомость.txt
            [1] => Зарплата.txt
        )

)



### 20.05.2021 21:24:55
Array
(
    [name] => Админ
)



### 20.05.2021 21:30:08
Array
(
    [name] => Админ
)



### 20.05.2021 21:30:10
Array
(
    [name] => Админ
)



### 20.05.2021 21:30:10
Array
(
    [name] => Админ
    [catalog] => Array
        (
            [0] => Array
                (
                    [name] => Пицца
                    [price] => 24
                )

            [1] => Array
                (
                    [name] => Чай
                    [price] => 1
                )

            [2] => Array
                (
                    [name] => Яблоко
                    [price] => 12
                )

        )

)



### 20.05.2021 21:30:11
Array
(
    [name] => Админ
    [files] => Array
        (
            [0] => Ведомость.txt
            [1] => Зарплата.txt
        )

)



### 20.05.2021 21:30:12
Array
(
    [name] => Админ
)



### 20.05.2021 21:30:15
Array
(
    [name] => Админ
)



### 20.05.2021 21:33:06
Array
(
    [name] => Админ
)



### 20.05.2021 21:33:07
Array
(
    [name] => Админ
    [files] => Array
        (
            [0] => Ведомость.txt
            [1] => Зарплата.txt
        )

)



### 20.05.2021 21:34:57
Array
(
    [name] => Админ
    [files] => Array
        (
            [0] => Ведомость.txt
            [1] => Зарплата.txt
        )

)



### 20.05.2021 21:34:58
Array
(
    [name] => Админ
    [catalog] => Array
        (
            [0] => Array
                (
                    [name] => Пицца
                    [price] => 24
                )

            [1] => Array
                (
                    [name] => Чай
                    [price] => 1
                )

            [2] => Array
                (
                    [name] => Яблоко
                    [price] => 12
                )

        )

)



### 20.05.2021 21:34:58
Array
(
    [name] => Админ
)



### 20.05.2021 21:34:59
Array
(
    [name] => Админ
    [catalog] => Array
        (
            [0] => Array
                (
                    [name] => Пицца
                    [price] => 24
                )

            [1] => Array
                (
                    [name] => Чай
                    [price] => 1
                )

            [2] => Array
                (
                    [name] => Яблоко
                    [price] => 12
                )

        )

)



### 20.05.2021 21:35:00
Array
(
    [name] => Админ
    [files] => Array
        (
            [0] => Ведомость.txt
            [1] => Зарплата.txt
        )

)



### 20.05.2021 21:35:01
Array
(
    [name] => Админ
)



### 20.05.2021 21:35:02
Array
(
    [name] => Админ
    [files] => Array
        (
            [0] => Ведомость.txt
            [1] => Зарплата.txt
        )

)



